[1/1] Loading Miniforge...
  Python: /apps/software/standard/core/miniforge/24.11.3-py3.12/bin/python
  Version: Python 3.12.9
============================================
Job ID:        11115372
Node:          udc-ba03-38
Partition:     gpu-a40
Start time:    Fri Apr  3 23:01:10 EDT 2026
--------------------------------------------
Python:        /apps/software/standard/core/miniforge/24.11.3-py3.12/bin/python
PyTorch:       2.9.0+cu130
CUDA avail:    True
GPU:           NVIDIA A40
CUDA version:  13.0
============================================
============================================================
Experiment: ablation_dropout_00
Model:      simple_cnn
Config:     /home/gvc8fr/ds6050/DS6050_G12_PROJECT/configs/ablation_dropout_00.yaml
============================================================
[DEVICE] cuda
[DEVICE] GPU: NVIDIA A40
[DATA] Train: 50000, Val: 10000, Test: 10000
[DATA] Train class counts: [4926 4973 5015 5055 5026 5001 4967 5048 5021 4968]
[DATA] Val class counts:   [1074 1027  985  945  974  999 1033  952  979 1032]
[DATA] Trivial baseline (random): 10.0%
[MODEL] Parameters: 207,018
[MODEL] FLOPs: 1,293,312
  Epoch   1/50 | Train Loss: 1.1741  Acc: 0.7700 | Val Loss: 0.5655  Acc: 0.8163
  Epoch   2/50 | Train Loss: 0.4507  Acc: 0.8447 | Val Loss: 0.4405  Acc: 0.8513
  Epoch   3/50 | Train Loss: 0.3750  Acc: 0.8681 | Val Loss: 0.3774  Acc: 0.8678
  Epoch   4/50 | Train Loss: 0.3334  Acc: 0.8794 | Val Loss: 0.3527  Acc: 0.8766
  Epoch   5/50 | Train Loss: 0.2983  Acc: 0.8921 | Val Loss: 0.3261  Acc: 0.8875
  Epoch   6/50 | Train Loss: 0.2819  Acc: 0.8963 | Val Loss: 0.3176  Acc: 0.8897
  Epoch   7/50 | Train Loss: 0.2620  Acc: 0.9039 | Val Loss: 0.3005  Acc: 0.8968
  Epoch   8/50 | Train Loss: 0.2500  Acc: 0.9087 | Val Loss: 0.3193  Acc: 0.8906
  Epoch   9/50 | Train Loss: 0.2394  Acc: 0.9118 | Val Loss: 0.2942  Acc: 0.9002
  Epoch  10/50 | Train Loss: 0.2253  Acc: 0.9163 | Val Loss: 0.2935  Acc: 0.8976
  Epoch  11/50 | Train Loss: 0.2162  Acc: 0.9192 | Val Loss: 0.2841  Acc: 0.9019
  Epoch  12/50 | Train Loss: 0.2048  Acc: 0.9239 | Val Loss: 0.2774  Acc: 0.9046
  Epoch  13/50 | Train Loss: 0.1951  Acc: 0.9264 | Val Loss: 0.2941  Acc: 0.8977
  Epoch  14/50 | Train Loss: 0.1863  Acc: 0.9301 | Val Loss: 0.2620  Acc: 0.9083
  Epoch  15/50 | Train Loss: 0.1798  Acc: 0.9328 | Val Loss: 0.2686  Acc: 0.9114
  Epoch  16/50 | Train Loss: 0.1683  Acc: 0.9360 | Val Loss: 0.2718  Acc: 0.9056
  Epoch  17/50 | Train Loss: 0.1592  Acc: 0.9407 | Val Loss: 0.2827  Acc: 0.9024
  Epoch  18/50 | Train Loss: 0.1570  Acc: 0.9409 | Val Loss: 0.2737  Acc: 0.9100
  Epoch  19/50 | Train Loss: 0.1465  Acc: 0.9459 | Val Loss: 0.2965  Acc: 0.9083
  [EARLY STOP] No improvement for 5 epochs.

============================================================
RESULTS SUMMARY
============================================================
  Accuracy:      0.9083
  F1 (macro):    0.9082
  Train time:    47.4s
  Epochs run:    19
  GPU memory:    50.1 MB

  Per-class F1:
    T-shirt/top    : 0.8599
    Trouser        : 0.9827
    Pullover       : 0.8668
    Dress          : 0.8829
    Coat           : 0.8770
    Sandal         : 0.9725
    Shirt          : 0.7549 *** HARD CLASS
    Sneaker        : 0.9446
    Bag            : 0.9791
    Ankle boot     : 0.9617
[LOG] Result appended to results/all_experiments.csv
[LOG] Curves saved to results/curves/ablation_dropout_00.json

[DONE]
============================================
End time:      Fri Apr  3 23:02:10 EDT 2026
Exit code:     0
============================================
