============================================
Job ID:        11115399
Node:          udc-ba06-19c1
CPUs:          8
Config:        /home/gvc8fr/ds6050/DS6050_G12_PROJECT/configs/dataeff_xgboost_10k.yaml
Start time:    Fri Apr  3 22:41:18 EDT 2026
============================================
============================================================
Experiment: dataeff_xgboost_10k
Model:      xgboost
Config:     /home/gvc8fr/ds6050/DS6050_G12_PROJECT/configs/dataeff_xgboost_10k.yaml
============================================================
[DEVICE] cpu
[DATA] Train: 10000, Val: 10000, Test: 10000
[DATA] Train class counts: [ 980  979 1061  974 1046 1055  984  993  957  971]
[DATA] Val class counts:   [ 984 1024  978 1004  990  975 1031 1034  976 1004]
[DATA] Trivial baseline (random): 10.0%
  XGBoost params: {'max_depth': 6, 'n_estimators': 100, 'learning_rate': 0.1, 'objective': 'multi:softmax', 'num_class': 10, 'n_jobs': -1, 'random_state': 42}

============================================================
RESULTS SUMMARY
============================================================
  Accuracy:      0.8743
  F1 (macro):    0.8732
  Train time:    24.7s
  Epochs run:    100
  GPU memory:    0.0 MB

  Per-class F1:
    T-shirt/top    : 0.8185 *** HARD CLASS
    Trouser        : 0.9827
    Pullover       : 0.7905 *** HARD CLASS
    Dress          : 0.8974
    Coat           : 0.7939 *** HARD CLASS
    Sandal         : 0.9617
    Shirt          : 0.6503 *** HARD CLASS
    Sneaker        : 0.9309
    Bag            : 0.9597
    Ankle boot     : 0.9460
[LOG] Result appended to results/all_experiments.csv

[DONE]
============================================
End time:      Fri Apr  3 22:42:02 EDT 2026
Exit code:     0
============================================
