[1/1] Loading Miniforge...
  Python: /apps/software/standard/core/miniforge/24.11.3-py3.12/bin/python
  Version: Python 3.12.9
============================================
Job ID:        11115398
Node:          udc-ba02-38
Partition:     gpu-a40
Start time:    Fri Apr  3 23:17:08 EDT 2026
--------------------------------------------
Python:        /apps/software/standard/core/miniforge/24.11.3-py3.12/bin/python
PyTorch:       2.9.0+cu130
CUDA avail:    True
GPU:           NVIDIA A40
CUDA version:  13.0
============================================
============================================================
Experiment: dataeff_simple_cnn_5k
Model:      simple_cnn
Config:     /home/gvc8fr/ds6050/DS6050_G12_PROJECT/configs/dataeff_simple_cnn_5k.yaml
============================================================
[DEVICE] cuda
[DEVICE] GPU: NVIDIA A40
[DATA] Train: 5000, Val: 10000, Test: 10000
[DATA] Train class counts: [508 493 546 465 505 514 506 495 480 488]
[DATA] Val class counts:   [ 938  988  988 1025 1052 1031 1004 1019  967  988]
[DATA] Trivial baseline (random): 10.0%
[MODEL] Parameters: 207,018
[MODEL] FLOPs: 1,293,312
  Epoch   1/50 | Train Loss: 6.3857  Acc: 0.4782 | Val Loss: 1.0412  Acc: 0.6508
  Epoch   2/50 | Train Loss: 1.1445  Acc: 0.6182 | Val Loss: 0.7942  Acc: 0.7211
  Epoch   3/50 | Train Loss: 0.9347  Acc: 0.6778 | Val Loss: 0.6917  Acc: 0.7493
  Epoch   4/50 | Train Loss: 0.8245  Acc: 0.7078 | Val Loss: 0.6626  Acc: 0.7605
  Epoch   5/50 | Train Loss: 0.7653  Acc: 0.7256 | Val Loss: 0.6168  Acc: 0.7747
  Epoch   6/50 | Train Loss: 0.7095  Acc: 0.7540 | Val Loss: 0.5972  Acc: 0.7915
  Epoch   7/50 | Train Loss: 0.6678  Acc: 0.7606 | Val Loss: 0.5517  Acc: 0.7969
  Epoch   8/50 | Train Loss: 0.6335  Acc: 0.7674 | Val Loss: 0.5584  Acc: 0.7971
  Epoch   9/50 | Train Loss: 0.6281  Acc: 0.7680 | Val Loss: 0.5303  Acc: 0.8108
  Epoch  10/50 | Train Loss: 0.5736  Acc: 0.7880 | Val Loss: 0.5185  Acc: 0.8138
  Epoch  11/50 | Train Loss: 0.5497  Acc: 0.7958 | Val Loss: 0.5089  Acc: 0.8197
  Epoch  12/50 | Train Loss: 0.5306  Acc: 0.8028 | Val Loss: 0.5056  Acc: 0.8117
  Epoch  13/50 | Train Loss: 0.5053  Acc: 0.8056 | Val Loss: 0.4997  Acc: 0.8244
  Epoch  14/50 | Train Loss: 0.5063  Acc: 0.8126 | Val Loss: 0.4845  Acc: 0.8281
  Epoch  15/50 | Train Loss: 0.4884  Acc: 0.8116 | Val Loss: 0.4800  Acc: 0.8302
  Epoch  16/50 | Train Loss: 0.4944  Acc: 0.8076 | Val Loss: 0.4700  Acc: 0.8346
  Epoch  17/50 | Train Loss: 0.4600  Acc: 0.8272 | Val Loss: 0.4777  Acc: 0.8307
  Epoch  18/50 | Train Loss: 0.4524  Acc: 0.8230 | Val Loss: 0.4635  Acc: 0.8371
  Epoch  19/50 | Train Loss: 0.4283  Acc: 0.8344 | Val Loss: 0.4580  Acc: 0.8419
  Epoch  20/50 | Train Loss: 0.4164  Acc: 0.8432 | Val Loss: 0.4565  Acc: 0.8379
  Epoch  21/50 | Train Loss: 0.3944  Acc: 0.8456 | Val Loss: 0.4688  Acc: 0.8384
  Epoch  22/50 | Train Loss: 0.3781  Acc: 0.8510 | Val Loss: 0.4418  Acc: 0.8482
  Epoch  23/50 | Train Loss: 0.4349  Acc: 0.8276 | Val Loss: 0.4468  Acc: 0.8443
  Epoch  24/50 | Train Loss: 0.3870  Acc: 0.8542 | Val Loss: 0.4685  Acc: 0.8386
  Epoch  25/50 | Train Loss: 0.3949  Acc: 0.8456 | Val Loss: 0.4548  Acc: 0.8400
  Epoch  26/50 | Train Loss: 0.4039  Acc: 0.8460 | Val Loss: 0.4448  Acc: 0.8523
  Epoch  27/50 | Train Loss: 0.3557  Acc: 0.8598 | Val Loss: 0.4379  Acc: 0.8487
  Epoch  28/50 | Train Loss: 0.3290  Acc: 0.8768 | Val Loss: 0.4520  Acc: 0.8523
  Epoch  29/50 | Train Loss: 0.3211  Acc: 0.8784 | Val Loss: 0.4496  Acc: 0.8498
  Epoch  30/50 | Train Loss: 0.3371  Acc: 0.8714 | Val Loss: 0.4537  Acc: 0.8532
  Epoch  31/50 | Train Loss: 0.3067  Acc: 0.8836 | Val Loss: 0.4387  Acc: 0.8556
  Epoch  32/50 | Train Loss: 0.3099  Acc: 0.8810 | Val Loss: 0.4530  Acc: 0.8496
  [EARLY STOP] No improvement for 5 epochs.

============================================================
RESULTS SUMMARY
============================================================
  Accuracy:      0.8496
  F1 (macro):    0.8483
  Train time:    23.1s
  Epochs run:    32
  GPU memory:    50.1 MB

  Per-class F1:
    T-shirt/top    : 0.7902 *** HARD CLASS
    Trouser        : 0.9801
    Pullover       : 0.7406 *** HARD CLASS
    Dress          : 0.8808
    Coat           : 0.7149 *** HARD CLASS
    Sandal         : 0.9456
    Shirt          : 0.6160 *** HARD CLASS
    Sneaker        : 0.9176
    Bag            : 0.9578
    Ankle boot     : 0.9393
[LOG] Result appended to results/all_experiments.csv
[LOG] Curves saved to results/curves/dataeff_simple_cnn_5k.json

[DONE]
============================================
End time:      Fri Apr  3 23:17:43 EDT 2026
Exit code:     0
============================================
