[1/1] Loading Miniforge...
  Python: /apps/software/standard/core/miniforge/24.11.3-py3.12/bin/python
  Version: Python 3.12.9
============================================
Job ID:        11115375
Node:          udc-ba03-38
Partition:     gpu-a40
Start time:    Fri Apr  3 23:04:49 EDT 2026
--------------------------------------------
Python:        /apps/software/standard/core/miniforge/24.11.3-py3.12/bin/python
PyTorch:       2.9.0+cu130
CUDA avail:    True
GPU:           NVIDIA A40
CUDA version:  13.0
============================================
============================================================
Experiment: ablation_dropout_05
Model:      simple_cnn
Config:     /home/gvc8fr/ds6050/DS6050_G12_PROJECT/configs/ablation_dropout_05.yaml
============================================================
[DEVICE] cuda
[DEVICE] GPU: NVIDIA A40
[DATA] Train: 50000, Val: 10000, Test: 10000
[DATA] Train class counts: [4926 4973 5015 5055 5026 5001 4967 5048 5021 4968]
[DATA] Val class counts:   [1074 1027  985  945  974  999 1033  952  979 1032]
[DATA] Trivial baseline (random): 10.0%
[MODEL] Parameters: 207,018
[MODEL] FLOPs: 1,293,312
  Epoch   1/50 | Train Loss: 1.6336  Acc: 0.6044 | Val Loss: 0.5980  Acc: 0.7786
  Epoch   2/50 | Train Loss: 0.7433  Acc: 0.7221 | Val Loss: 0.5169  Acc: 0.8203
  Epoch   3/50 | Train Loss: 0.6339  Acc: 0.7598 | Val Loss: 0.4598  Acc: 0.8361
  Epoch   4/50 | Train Loss: 0.5674  Acc: 0.7869 | Val Loss: 0.4293  Acc: 0.8495
  Epoch   5/50 | Train Loss: 0.5290  Acc: 0.8022 | Val Loss: 0.3996  Acc: 0.8592
  Epoch   6/50 | Train Loss: 0.5022  Acc: 0.8125 | Val Loss: 0.3874  Acc: 0.8606
  Epoch   7/50 | Train Loss: 0.4692  Acc: 0.8252 | Val Loss: 0.3708  Acc: 0.8728
  Epoch   8/50 | Train Loss: 0.4531  Acc: 0.8316 | Val Loss: 0.3439  Acc: 0.8801
  Epoch   9/50 | Train Loss: 0.4346  Acc: 0.8383 | Val Loss: 0.3433  Acc: 0.8753
  Epoch  10/50 | Train Loss: 0.4211  Acc: 0.8446 | Val Loss: 0.3286  Acc: 0.8842
  Epoch  11/50 | Train Loss: 0.4040  Acc: 0.8495 | Val Loss: 0.3135  Acc: 0.8928
  Epoch  12/50 | Train Loss: 0.3876  Acc: 0.8548 | Val Loss: 0.3162  Acc: 0.8925
  Epoch  13/50 | Train Loss: 0.3752  Acc: 0.8603 | Val Loss: 0.3128  Acc: 0.8896
  Epoch  14/50 | Train Loss: 0.3633  Acc: 0.8637 | Val Loss: 0.2868  Acc: 0.8993
  Epoch  15/50 | Train Loss: 0.3566  Acc: 0.8665 | Val Loss: 0.2985  Acc: 0.8955
  Epoch  16/50 | Train Loss: 0.3471  Acc: 0.8693 | Val Loss: 0.2962  Acc: 0.8912
  Epoch  17/50 | Train Loss: 0.3378  Acc: 0.8747 | Val Loss: 0.2910  Acc: 0.8967
  Epoch  18/50 | Train Loss: 0.3304  Acc: 0.8773 | Val Loss: 0.2690  Acc: 0.9044
  Epoch  19/50 | Train Loss: 0.3255  Acc: 0.8787 | Val Loss: 0.2720  Acc: 0.9019
  Epoch  20/50 | Train Loss: 0.3157  Acc: 0.8807 | Val Loss: 0.2753  Acc: 0.9021
  Epoch  21/50 | Train Loss: 0.3082  Acc: 0.8857 | Val Loss: 0.2649  Acc: 0.9042
  Epoch  22/50 | Train Loss: 0.3003  Acc: 0.8875 | Val Loss: 0.2645  Acc: 0.9064
  Epoch  23/50 | Train Loss: 0.2919  Acc: 0.8916 | Val Loss: 0.2633  Acc: 0.9078
  Epoch  24/50 | Train Loss: 0.2880  Acc: 0.8928 | Val Loss: 0.2548  Acc: 0.9098
  Epoch  25/50 | Train Loss: 0.2799  Acc: 0.8938 | Val Loss: 0.2515  Acc: 0.9104
  Epoch  26/50 | Train Loss: 0.2795  Acc: 0.8944 | Val Loss: 0.2487  Acc: 0.9105
  Epoch  27/50 | Train Loss: 0.2702  Acc: 0.8993 | Val Loss: 0.2491  Acc: 0.9141
  Epoch  28/50 | Train Loss: 0.2647  Acc: 0.9010 | Val Loss: 0.2500  Acc: 0.9142
  Epoch  29/50 | Train Loss: 0.2620  Acc: 0.9007 | Val Loss: 0.2610  Acc: 0.9137
  Epoch  30/50 | Train Loss: 0.2540  Acc: 0.9055 | Val Loss: 0.2530  Acc: 0.9068
  Epoch  31/50 | Train Loss: 0.2527  Acc: 0.9046 | Val Loss: 0.2506  Acc: 0.9116
  [EARLY STOP] No improvement for 5 epochs.

============================================================
RESULTS SUMMARY
============================================================
  Accuracy:      0.9116
  F1 (macro):    0.9120
  Train time:    72.8s
  Epochs run:    31
  GPU memory:    50.1 MB

  Per-class F1:
    T-shirt/top    : 0.8582
    Trouser        : 0.9902
    Pullover       : 0.8668
    Dress          : 0.9076
    Coat           : 0.8621
    Sandal         : 0.9740
    Shirt          : 0.7546 *** HARD CLASS
    Sneaker        : 0.9598
    Bag            : 0.9827
    Ankle boot     : 0.9643
[LOG] Result appended to results/all_experiments.csv
[LOG] Curves saved to results/curves/ablation_dropout_05.json

[DONE]
============================================
End time:      Fri Apr  3 23:06:18 EDT 2026
Exit code:     0
============================================
