[1/1] Loading Miniforge...
  Python: /apps/software/standard/core/miniforge/24.11.3-py3.12/bin/python
  Version: Python 3.12.9
============================================
Job ID:        11115376
Node:          udc-ba03-38
Partition:     gpu-a40
Start time:    Fri Apr  3 23:04:49 EDT 2026
--------------------------------------------
Python:        /apps/software/standard/core/miniforge/24.11.3-py3.12/bin/python
PyTorch:       2.9.0+cu130
CUDA avail:    True
GPU:           NVIDIA A40
CUDA version:  13.0
============================================
============================================================
Experiment: ablation_initialization_default
Model:      simple_cnn
Config:     /home/gvc8fr/ds6050/DS6050_G12_PROJECT/configs/ablation_initialization_default.yaml
============================================================
[DEVICE] cuda
[DEVICE] GPU: NVIDIA A40
[DATA] Train: 50000, Val: 10000, Test: 10000
[DATA] Train class counts: [4926 4973 5015 5055 5026 5001 4967 5048 5021 4968]
[DATA] Val class counts:   [1074 1027  985  945  974  999 1033  952  979 1032]
[DATA] Trivial baseline (random): 10.0%
[MODEL] Parameters: 207,018
[MODEL] FLOPs: 1,293,312
  Epoch   1/50 | Train Loss: 0.4746  Acc: 0.8292 | Val Loss: 0.3499  Acc: 0.8717
  Epoch   2/50 | Train Loss: 0.3197  Acc: 0.8843 | Val Loss: 0.2917  Acc: 0.8970
  Epoch   3/50 | Train Loss: 0.2843  Acc: 0.8958 | Val Loss: 0.2690  Acc: 0.9026
  Epoch   4/50 | Train Loss: 0.2575  Acc: 0.9054 | Val Loss: 0.2573  Acc: 0.9057
  Epoch   5/50 | Train Loss: 0.2370  Acc: 0.9112 | Val Loss: 0.2584  Acc: 0.9102
  Epoch   6/50 | Train Loss: 0.2222  Acc: 0.9191 | Val Loss: 0.2403  Acc: 0.9126
  Epoch   7/50 | Train Loss: 0.2138  Acc: 0.9204 | Val Loss: 0.2328  Acc: 0.9160
  Epoch   8/50 | Train Loss: 0.1958  Acc: 0.9279 | Val Loss: 0.2420  Acc: 0.9138
  Epoch   9/50 | Train Loss: 0.1824  Acc: 0.9310 | Val Loss: 0.2363  Acc: 0.9143
  Epoch  10/50 | Train Loss: 0.1758  Acc: 0.9345 | Val Loss: 0.2318  Acc: 0.9208
  Epoch  11/50 | Train Loss: 0.1639  Acc: 0.9390 | Val Loss: 0.2356  Acc: 0.9196
  Epoch  12/50 | Train Loss: 0.1584  Acc: 0.9403 | Val Loss: 0.2412  Acc: 0.9179
  [EARLY STOP] No improvement for 5 epochs.

============================================================
RESULTS SUMMARY
============================================================
  Accuracy:      0.9179
  F1 (macro):    0.9180
  Train time:    24.3s
  Epochs run:    12
  GPU memory:    50.1 MB

  Per-class F1:
    T-shirt/top    : 0.8652
    Trouser        : 0.9907
    Pullover       : 0.8822
    Dress          : 0.9149
    Coat           : 0.8741
    Sandal         : 0.9734
    Shirt          : 0.7791 *** HARD CLASS
    Sneaker        : 0.9507
    Bag            : 0.9837
    Ankle boot     : 0.9659
[LOG] Result appended to results/all_experiments.csv
[LOG] Curves saved to results/curves/ablation_initialization_default.json

[DONE]
============================================
End time:      Fri Apr  3 23:05:29 EDT 2026
Exit code:     0
============================================
