[1/1] Loading Miniforge...
  Python: /apps/software/standard/core/miniforge/24.11.3-py3.12/bin/python
  Version: Python 3.12.9
============================================
Job ID:        11115365
Node:          udc-ba03-38
Partition:     gpu-a40
Start time:    Fri Apr  3 22:46:33 EDT 2026
--------------------------------------------
Python:        /apps/software/standard/core/miniforge/24.11.3-py3.12/bin/python
PyTorch:       2.9.0+cu130
CUDA avail:    True
GPU:           NVIDIA A40
CUDA version:  13.0
============================================
============================================================
Experiment: ablation_augmentation_crop_flip
Model:      simple_cnn
Config:     /home/gvc8fr/ds6050/DS6050_G12_PROJECT/configs/ablation_augmentation_crop_flip.yaml
============================================================
[DEVICE] cuda
[DEVICE] GPU: NVIDIA A40
[DATA] Train: 50000, Val: 10000, Test: 10000
[DATA] Train class counts: [4926 4973 5015 5055 5026 5001 4967 5048 5021 4968]
[DATA] Val class counts:   [1074 1027  985  945  974  999 1033  952  979 1032]
[DATA] Trivial baseline (random): 10.0%
[MODEL] Parameters: 207,018
[MODEL] FLOPs: 1,293,312
  Epoch   1/50 | Train Loss: 1.9638  Acc: 0.4808 | Val Loss: 0.7541  Acc: 0.7133
  Epoch   2/50 | Train Loss: 0.9728  Acc: 0.6418 | Val Loss: 0.6644  Acc: 0.7483
  Epoch   3/50 | Train Loss: 0.8435  Acc: 0.6840 | Val Loss: 0.6209  Acc: 0.7659
  Epoch   4/50 | Train Loss: 0.7753  Acc: 0.7086 | Val Loss: 0.5682  Acc: 0.7901
  Epoch   5/50 | Train Loss: 0.7349  Acc: 0.7229 | Val Loss: 0.5319  Acc: 0.8029
  Epoch   6/50 | Train Loss: 0.6898  Acc: 0.7381 | Val Loss: 0.5115  Acc: 0.8069
  Epoch   7/50 | Train Loss: 0.6568  Acc: 0.7517 | Val Loss: 0.4950  Acc: 0.8077
  Epoch   8/50 | Train Loss: 0.6320  Acc: 0.7599 | Val Loss: 0.4799  Acc: 0.8194
  Epoch   9/50 | Train Loss: 0.6095  Acc: 0.7693 | Val Loss: 0.4731  Acc: 0.8192
  Epoch  10/50 | Train Loss: 0.5919  Acc: 0.7789 | Val Loss: 0.4440  Acc: 0.8325
  Epoch  11/50 | Train Loss: 0.5748  Acc: 0.7863 | Val Loss: 0.4306  Acc: 0.8362
  Epoch  12/50 | Train Loss: 0.5576  Acc: 0.7923 | Val Loss: 0.4344  Acc: 0.8382
  Epoch  13/50 | Train Loss: 0.5332  Acc: 0.8022 | Val Loss: 0.4042  Acc: 0.8505
  Epoch  14/50 | Train Loss: 0.5261  Acc: 0.8052 | Val Loss: 0.4158  Acc: 0.8483
  Epoch  15/50 | Train Loss: 0.5149  Acc: 0.8098 | Val Loss: 0.3871  Acc: 0.8604
  Epoch  16/50 | Train Loss: 0.4999  Acc: 0.8164 | Val Loss: 0.3813  Acc: 0.8620
  Epoch  17/50 | Train Loss: 0.4919  Acc: 0.8203 | Val Loss: 0.3709  Acc: 0.8624
  Epoch  18/50 | Train Loss: 0.4759  Acc: 0.8240 | Val Loss: 0.3576  Acc: 0.8684
  Epoch  19/50 | Train Loss: 0.4756  Acc: 0.8258 | Val Loss: 0.3561  Acc: 0.8681
  Epoch  20/50 | Train Loss: 0.4635  Acc: 0.8298 | Val Loss: 0.3569  Acc: 0.8671
  Epoch  21/50 | Train Loss: 0.4533  Acc: 0.8337 | Val Loss: 0.3380  Acc: 0.8765
  Epoch  22/50 | Train Loss: 0.4495  Acc: 0.8354 | Val Loss: 0.3561  Acc: 0.8669
  Epoch  23/50 | Train Loss: 0.4401  Acc: 0.8392 | Val Loss: 0.3288  Acc: 0.8797
  Epoch  24/50 | Train Loss: 0.4360  Acc: 0.8383 | Val Loss: 0.3363  Acc: 0.8766
  Epoch  25/50 | Train Loss: 0.4305  Acc: 0.8418 | Val Loss: 0.3308  Acc: 0.8778
  Epoch  26/50 | Train Loss: 0.4234  Acc: 0.8449 | Val Loss: 0.3254  Acc: 0.8819
  Epoch  27/50 | Train Loss: 0.4177  Acc: 0.8474 | Val Loss: 0.3143  Acc: 0.8876
  Epoch  28/50 | Train Loss: 0.4074  Acc: 0.8503 | Val Loss: 0.3100  Acc: 0.8846
  Epoch  29/50 | Train Loss: 0.4079  Acc: 0.8516 | Val Loss: 0.3097  Acc: 0.8871
  Epoch  30/50 | Train Loss: 0.4044  Acc: 0.8528 | Val Loss: 0.3111  Acc: 0.8838
  Epoch  31/50 | Train Loss: 0.4003  Acc: 0.8542 | Val Loss: 0.2947  Acc: 0.8906
  Epoch  32/50 | Train Loss: 0.3966  Acc: 0.8547 | Val Loss: 0.3080  Acc: 0.8881
  Epoch  33/50 | Train Loss: 0.3938  Acc: 0.8545 | Val Loss: 0.2944  Acc: 0.8897
  Epoch  34/50 | Train Loss: 0.3865  Acc: 0.8591 | Val Loss: 0.2994  Acc: 0.8923
  Epoch  35/50 | Train Loss: 0.3802  Acc: 0.8610 | Val Loss: 0.2907  Acc: 0.8958
  Epoch  36/50 | Train Loss: 0.3796  Acc: 0.8619 | Val Loss: 0.2823  Acc: 0.8969
  Epoch  37/50 | Train Loss: 0.3761  Acc: 0.8640 | Val Loss: 0.2981  Acc: 0.8936
  Epoch  38/50 | Train Loss: 0.3725  Acc: 0.8620 | Val Loss: 0.2907  Acc: 0.8940
  Epoch  39/50 | Train Loss: 0.3727  Acc: 0.8651 | Val Loss: 0.2806  Acc: 0.8958
  Epoch  40/50 | Train Loss: 0.3707  Acc: 0.8648 | Val Loss: 0.2802  Acc: 0.8975
  Epoch  41/50 | Train Loss: 0.3671  Acc: 0.8660 | Val Loss: 0.2778  Acc: 0.8974
  Epoch  42/50 | Train Loss: 0.3610  Acc: 0.8675 | Val Loss: 0.2788  Acc: 0.8980
  Epoch  43/50 | Train Loss: 0.3617  Acc: 0.8694 | Val Loss: 0.2771  Acc: 0.8991
  Epoch  44/50 | Train Loss: 0.3511  Acc: 0.8727 | Val Loss: 0.2746  Acc: 0.9024
  Epoch  45/50 | Train Loss: 0.3528  Acc: 0.8732 | Val Loss: 0.2884  Acc: 0.8910
  Epoch  46/50 | Train Loss: 0.3544  Acc: 0.8695 | Val Loss: 0.2637  Acc: 0.9040
  Epoch  47/50 | Train Loss: 0.3496  Acc: 0.8724 | Val Loss: 0.2658  Acc: 0.9028
  Epoch  48/50 | Train Loss: 0.3476  Acc: 0.8730 | Val Loss: 0.2844  Acc: 0.8970
  Epoch  49/50 | Train Loss: 0.3460  Acc: 0.8730 | Val Loss: 0.2696  Acc: 0.9036
  Epoch  50/50 | Train Loss: 0.3453  Acc: 0.8732 | Val Loss: 0.2623  Acc: 0.9050

============================================================
RESULTS SUMMARY
============================================================
  Accuracy:      0.9050
  F1 (macro):    0.9056
  Train time:    155.3s
  Epochs run:    50
  GPU memory:    50.1 MB

  Per-class F1:
    T-shirt/top    : 0.8571
    Trouser        : 0.9907
    Pullover       : 0.8498 *** HARD CLASS
    Dress          : 0.9026
    Coat           : 0.8475 *** HARD CLASS
    Sandal         : 0.9712
    Shirt          : 0.7387 *** HARD CLASS
    Sneaker        : 0.9530
    Bag            : 0.9857
    Ankle boot     : 0.9600
[LOG] Result appended to results/all_experiments.csv
[LOG] Curves saved to results/curves/ablation_augmentation_crop_flip.json

[DONE]
============================================
End time:      Fri Apr  3 22:49:24 EDT 2026
Exit code:     0
============================================
