[1/1] Loading Miniforge...
  Python: /apps/software/standard/core/miniforge/24.11.3-py3.12/bin/python
  Version: Python 3.12.9
============================================
Job ID:        11115371
Node:          udc-ba03-38
Partition:     gpu-a40
Start time:    Fri Apr  3 22:59:27 EDT 2026
--------------------------------------------
Python:        /apps/software/standard/core/miniforge/24.11.3-py3.12/bin/python
PyTorch:       2.9.0+cu130
CUDA avail:    True
GPU:           NVIDIA A40
CUDA version:  13.0
============================================
============================================================
Experiment: ablation_batch_size_64
Model:      simple_cnn
Config:     /home/gvc8fr/ds6050/DS6050_G12_PROJECT/configs/ablation_batch_size_64.yaml
============================================================
[DEVICE] cuda
[DEVICE] GPU: NVIDIA A40
[DATA] Train: 50000, Val: 10000, Test: 10000
[DATA] Train class counts: [4926 4973 5015 5055 5026 5001 4967 5048 5021 4968]
[DATA] Val class counts:   [1074 1027  985  945  974  999 1033  952  979 1032]
[DATA] Trivial baseline (random): 10.0%
[MODEL] Parameters: 207,018
[MODEL] FLOPs: 1,293,312
  Epoch   1/50 | Train Loss: 1.0562  Acc: 0.7151 | Val Loss: 0.4991  Acc: 0.8215
  Epoch   2/50 | Train Loss: 0.5312  Acc: 0.8058 | Val Loss: 0.3989  Acc: 0.8608
  Epoch   3/50 | Train Loss: 0.4659  Acc: 0.8285 | Val Loss: 0.3726  Acc: 0.8671
  Epoch   4/50 | Train Loss: 0.4123  Acc: 0.8490 | Val Loss: 0.3452  Acc: 0.8750
  Epoch   5/50 | Train Loss: 0.3838  Acc: 0.8604 | Val Loss: 0.3191  Acc: 0.8846
  Epoch   6/50 | Train Loss: 0.3553  Acc: 0.8682 | Val Loss: 0.3011  Acc: 0.8913
  Epoch   7/50 | Train Loss: 0.3369  Acc: 0.8778 | Val Loss: 0.2995  Acc: 0.8949
  Epoch   8/50 | Train Loss: 0.3185  Acc: 0.8808 | Val Loss: 0.2867  Acc: 0.8967
  Epoch   9/50 | Train Loss: 0.3023  Acc: 0.8875 | Val Loss: 0.2818  Acc: 0.9022
  Epoch  10/50 | Train Loss: 0.2903  Acc: 0.8917 | Val Loss: 0.2693  Acc: 0.9067
  Epoch  11/50 | Train Loss: 0.2733  Acc: 0.8979 | Val Loss: 0.2601  Acc: 0.9065
  Epoch  12/50 | Train Loss: 0.2654  Acc: 0.9007 | Val Loss: 0.2673  Acc: 0.9048
  Epoch  13/50 | Train Loss: 0.2559  Acc: 0.9034 | Val Loss: 0.2682  Acc: 0.9063
  Epoch  14/50 | Train Loss: 0.2426  Acc: 0.9081 | Val Loss: 0.2686  Acc: 0.9078
  Epoch  15/50 | Train Loss: 0.2372  Acc: 0.9101 | Val Loss: 0.2665  Acc: 0.9114
  Epoch  16/50 | Train Loss: 0.2274  Acc: 0.9140 | Val Loss: 0.2495  Acc: 0.9137
  Epoch  17/50 | Train Loss: 0.2177  Acc: 0.9179 | Val Loss: 0.2599  Acc: 0.9128
  Epoch  18/50 | Train Loss: 0.2134  Acc: 0.9191 | Val Loss: 0.2464  Acc: 0.9144
  Epoch  19/50 | Train Loss: 0.2031  Acc: 0.9234 | Val Loss: 0.2542  Acc: 0.9130
  Epoch  20/50 | Train Loss: 0.1993  Acc: 0.9246 | Val Loss: 0.2550  Acc: 0.9148
  Epoch  21/50 | Train Loss: 0.1926  Acc: 0.9260 | Val Loss: 0.2509  Acc: 0.9163
  Epoch  22/50 | Train Loss: 0.1855  Acc: 0.9298 | Val Loss: 0.2545  Acc: 0.9151
  Epoch  23/50 | Train Loss: 0.1811  Acc: 0.9296 | Val Loss: 0.2516  Acc: 0.9139
  [EARLY STOP] No improvement for 5 epochs.

============================================================
RESULTS SUMMARY
============================================================
  Accuracy:      0.9139
  F1 (macro):    0.9144
  Train time:    76.4s
  Epochs run:    23
  GPU memory:    45.7 MB

  Per-class F1:
    T-shirt/top    : 0.8614
    Trouser        : 0.9878
    Pullover       : 0.8697
    Dress          : 0.9075
    Coat           : 0.8662
    Sandal         : 0.9759
    Shirt          : 0.7691 *** HARD CLASS
    Sneaker        : 0.9598
    Bag            : 0.9791
    Ankle boot     : 0.9676
[LOG] Result appended to results/all_experiments.csv
[LOG] Curves saved to results/curves/ablation_batch_size_64.json

[DONE]
============================================
End time:      Fri Apr  3 23:00:58 EDT 2026
Exit code:     0
============================================
