[1/1] Loading Miniforge...
  Python: /apps/software/standard/core/miniforge/24.11.3-py3.12/bin/python
  Version: Python 3.12.9
============================================
Job ID:        11980605
Node:          udc-an36-19
Partition:     gpu-a100-80
Start time:    Tue Apr 21 06:56:16 EDT 2026
--------------------------------------------
Python:        /apps/software/standard/core/miniforge/24.11.3-py3.12/bin/python
PyTorch:       2.9.0+cu130
CUDA avail:    True
GPU:           NVIDIA A100-SXM4-80GB
CUDA version:  13.0
============================================
============================================================
Experiment: dataeff_simple_cnn_5k
Model:      simple_cnn
Config:     /home/gvc8fr/ds6050/DS6050_G12_PROJECT/configs/dataeff_simple_cnn_5k.yaml
============================================================
[DEVICE] cuda
[DEVICE] GPU: NVIDIA A100-SXM4-80GB
[DATA] Train: 5000, Val: 10000, Test: 10000
[DATA] Train class counts: [508 493 546 465 505 514 506 495 480 488]
[DATA] Val class counts:   [ 938  988  988 1025 1052 1031 1004 1019  967  988]
[DATA] Trivial baseline (random): 10.0%
[MODEL] Parameters: 207,018
[MODEL] FLOPs: 1,293,312
  Epoch   1/50 | Train Loss: 6.3856  Acc: 0.4776 | Val Loss: 1.0422  Acc: 0.6516
  Epoch   2/50 | Train Loss: 1.1461  Acc: 0.6166 | Val Loss: 0.7991  Acc: 0.7238
  Epoch   3/50 | Train Loss: 0.9464  Acc: 0.6740 | Val Loss: 0.7017  Acc: 0.7467
  Epoch   4/50 | Train Loss: 0.8312  Acc: 0.7100 | Val Loss: 0.6702  Acc: 0.7585
  Epoch   5/50 | Train Loss: 0.7593  Acc: 0.7326 | Val Loss: 0.6111  Acc: 0.7749
  Epoch   6/50 | Train Loss: 0.7039  Acc: 0.7516 | Val Loss: 0.5924  Acc: 0.7901
  Epoch   7/50 | Train Loss: 0.6648  Acc: 0.7570 | Val Loss: 0.5554  Acc: 0.7995
  Epoch   8/50 | Train Loss: 0.6230  Acc: 0.7706 | Val Loss: 0.5609  Acc: 0.7960
  Epoch   9/50 | Train Loss: 0.6220  Acc: 0.7672 | Val Loss: 0.5296  Acc: 0.8090
  Epoch  10/50 | Train Loss: 0.5878  Acc: 0.7848 | Val Loss: 0.5089  Acc: 0.8134
  Epoch  11/50 | Train Loss: 0.5490  Acc: 0.7930 | Val Loss: 0.5245  Acc: 0.8169
  Epoch  12/50 | Train Loss: 0.5288  Acc: 0.7958 | Val Loss: 0.4965  Acc: 0.8219
  Epoch  13/50 | Train Loss: 0.5059  Acc: 0.8084 | Val Loss: 0.4982  Acc: 0.8234
  Epoch  14/50 | Train Loss: 0.4738  Acc: 0.8208 | Val Loss: 0.4774  Acc: 0.8281
  Epoch  15/50 | Train Loss: 0.4686  Acc: 0.8258 | Val Loss: 0.4795  Acc: 0.8287
  Epoch  16/50 | Train Loss: 0.4667  Acc: 0.8268 | Val Loss: 0.4823  Acc: 0.8301
  Epoch  17/50 | Train Loss: 0.4358  Acc: 0.8330 | Val Loss: 0.4765  Acc: 0.8298
  Epoch  18/50 | Train Loss: 0.4418  Acc: 0.8256 | Val Loss: 0.4518  Acc: 0.8399
  Epoch  19/50 | Train Loss: 0.4048  Acc: 0.8452 | Val Loss: 0.4478  Acc: 0.8421
  Epoch  20/50 | Train Loss: 0.3879  Acc: 0.8526 | Val Loss: 0.4777  Acc: 0.8409
  Epoch  21/50 | Train Loss: 0.3945  Acc: 0.8502 | Val Loss: 0.4465  Acc: 0.8427
  Epoch  22/50 | Train Loss: 0.3642  Acc: 0.8570 | Val Loss: 0.4430  Acc: 0.8507
  Epoch  23/50 | Train Loss: 0.3940  Acc: 0.8474 | Val Loss: 0.4527  Acc: 0.8432
  Epoch  24/50 | Train Loss: 0.3657  Acc: 0.8652 | Val Loss: 0.4575  Acc: 0.8437
  Epoch  25/50 | Train Loss: 0.3588  Acc: 0.8592 | Val Loss: 0.4453  Acc: 0.8450
  Epoch  26/50 | Train Loss: 0.3771  Acc: 0.8546 | Val Loss: 0.4363  Acc: 0.8501
  Epoch  27/50 | Train Loss: 0.3576  Acc: 0.8570 | Val Loss: 0.4341  Acc: 0.8496
  Epoch  28/50 | Train Loss: 0.3348  Acc: 0.8732 | Val Loss: 0.4380  Acc: 0.8533
  Epoch  29/50 | Train Loss: 0.3212  Acc: 0.8736 | Val Loss: 0.4395  Acc: 0.8512
  Epoch  30/50 | Train Loss: 0.3253  Acc: 0.8794 | Val Loss: 0.4488  Acc: 0.8506
  Epoch  31/50 | Train Loss: 0.2965  Acc: 0.8858 | Val Loss: 0.4309  Acc: 0.8541
  Epoch  32/50 | Train Loss: 0.2878  Acc: 0.8910 | Val Loss: 0.4272  Acc: 0.8539
  Epoch  33/50 | Train Loss: 0.2744  Acc: 0.8890 | Val Loss: 0.4347  Acc: 0.8554
  Epoch  34/50 | Train Loss: 0.2925  Acc: 0.8856 | Val Loss: 0.4324  Acc: 0.8544
  Epoch  35/50 | Train Loss: 0.3062  Acc: 0.8760 | Val Loss: 0.4521  Acc: 0.8503
  Epoch  36/50 | Train Loss: 0.2988  Acc: 0.8810 | Val Loss: 0.4404  Acc: 0.8544
  Epoch  37/50 | Train Loss: 0.2756  Acc: 0.8896 | Val Loss: 0.4140  Acc: 0.8613
  Epoch  38/50 | Train Loss: 0.2577  Acc: 0.8958 | Val Loss: 0.4383  Acc: 0.8582
  Epoch  39/50 | Train Loss: 0.3216  Acc: 0.8792 | Val Loss: 0.4398  Acc: 0.8542
  Epoch  40/50 | Train Loss: 0.2811  Acc: 0.8876 | Val Loss: 0.4158  Acc: 0.8588
  Epoch  41/50 | Train Loss: 0.2536  Acc: 0.8980 | Val Loss: 0.4337  Acc: 0.8607
  Epoch  42/50 | Train Loss: 0.2506  Acc: 0.9058 | Val Loss: 0.4282  Acc: 0.8588
  [EARLY STOP] No improvement for 5 epochs.

============================================================
RESULTS SUMMARY
============================================================
  Accuracy:      0.8588
  F1 (macro):    0.8588
  Train time:    44.1s
  Epochs run:    42
  GPU memory:    50.1 MB

  Per-class F1:
    T-shirt/top    : 0.8038 *** HARD CLASS
    Trouser        : 0.9801
    Pullover       : 0.7550 *** HARD CLASS
    Dress          : 0.8823
    Coat           : 0.7604 *** HARD CLASS
    Sandal         : 0.9492
    Shirt          : 0.6344 *** HARD CLASS
    Sneaker        : 0.9202
    Bag            : 0.9634
    Ankle boot     : 0.9394
[LOG] Result appended to results/all_experiments.csv
[LOG] Curves saved to results/curves/dataeff_simple_cnn_5k.json

[DONE]
============================================
End time:      Tue Apr 21 06:57:18 EDT 2026
Exit code:     0
============================================
