[1/1] Loading Miniforge...
  Python: /apps/software/standard/core/miniforge/24.11.3-py3.12/bin/python
  Version: Python 3.12.9
============================================
Job ID:        11980599
Node:          udc-an36-31
Partition:     gpu-a100-80
Start time:    Tue Apr 21 02:43:14 EDT 2026
--------------------------------------------
Python:        /apps/software/standard/core/miniforge/24.11.3-py3.12/bin/python
PyTorch:       2.9.0+cu130
CUDA avail:    True
GPU:           NVIDIA A100-SXM4-80GB
CUDA version:  13.0
============================================
============================================================
Experiment: dataeff_mlp_1k
Model:      mlp
Config:     /home/gvc8fr/ds6050/DS6050_G12_PROJECT/configs/dataeff_mlp_1k.yaml
============================================================
[DEVICE] cuda
[DEVICE] GPU: NVIDIA A100-SXM4-80GB
[DATA] Train: 1000, Val: 10000, Test: 10000
[DATA] Train class counts: [109  99  95  98 112 102 113  96  83  93]
[DATA] Val class counts:   [ 952  974 1065  973 1031 1061  983  997  971  993]
[DATA] Trivial baseline (random): 10.0%
[MODEL] Parameters: 535,818
[MODEL] FLOPs: 535,040
  Epoch   1/50 | Train Loss: 11.1749  Acc: 0.3800 | Val Loss: 3.1838  Acc: 0.6463
  Epoch   2/50 | Train Loss: 4.7579  Acc: 0.5970 | Val Loss: 1.7829  Acc: 0.7246
  Epoch   3/50 | Train Loss: 2.9598  Acc: 0.6330 | Val Loss: 1.3882  Acc: 0.7391
  Epoch   4/50 | Train Loss: 2.1081  Acc: 0.7020 | Val Loss: 1.1758  Acc: 0.7531
  Epoch   5/50 | Train Loss: 1.6215  Acc: 0.7100 | Val Loss: 1.1104  Acc: 0.7578
  Epoch   6/50 | Train Loss: 1.3217  Acc: 0.7310 | Val Loss: 1.0143  Acc: 0.7675
  Epoch   7/50 | Train Loss: 1.1159  Acc: 0.7490 | Val Loss: 0.9750  Acc: 0.7714
  Epoch   8/50 | Train Loss: 0.9788  Acc: 0.7750 | Val Loss: 0.9200  Acc: 0.7791
  Epoch   9/50 | Train Loss: 0.7794  Acc: 0.8150 | Val Loss: 0.8602  Acc: 0.7833
  Epoch  10/50 | Train Loss: 0.7132  Acc: 0.8070 | Val Loss: 0.8960  Acc: 0.7759
  Epoch  11/50 | Train Loss: 0.7278  Acc: 0.7980 | Val Loss: 0.8512  Acc: 0.7768
  Epoch  12/50 | Train Loss: 0.6233  Acc: 0.8150 | Val Loss: 0.8775  Acc: 0.7791
  Epoch  13/50 | Train Loss: 0.5570  Acc: 0.8240 | Val Loss: 0.8382  Acc: 0.7745
  Epoch  14/50 | Train Loss: 0.4911  Acc: 0.8450 | Val Loss: 0.7799  Acc: 0.7933
  Epoch  15/50 | Train Loss: 0.5590  Acc: 0.8330 | Val Loss: 0.7929  Acc: 0.7902
  Epoch  16/50 | Train Loss: 0.4145  Acc: 0.8750 | Val Loss: 0.8597  Acc: 0.7897
  Epoch  17/50 | Train Loss: 0.4185  Acc: 0.8660 | Val Loss: 0.8057  Acc: 0.7935
  Epoch  18/50 | Train Loss: 0.4245  Acc: 0.8660 | Val Loss: 0.8279  Acc: 0.7941
  Epoch  19/50 | Train Loss: 0.3608  Acc: 0.8840 | Val Loss: 0.8403  Acc: 0.7974
  [EARLY STOP] No improvement for 5 epochs.

============================================================
RESULTS SUMMARY
============================================================
  Accuracy:      0.7974
  F1 (macro):    0.7970
  Train time:    17.1s
  Epochs run:    19
  GPU memory:    28.6 MB

  Per-class F1:
    T-shirt/top    : 0.7561 *** HARD CLASS
    Trouser        : 0.9578
    Pullover       : 0.6767 *** HARD CLASS
    Dress          : 0.8335 *** HARD CLASS
    Coat           : 0.6858 *** HARD CLASS
    Sandal         : 0.8707
    Shirt          : 0.5120 *** HARD CLASS
    Sneaker        : 0.8694
    Bag            : 0.9060
    Ankle boot     : 0.9017
[LOG] Result appended to results/all_experiments.csv
[LOG] Curves saved to results/curves/dataeff_mlp_1k.json

[DONE]
============================================
End time:      Tue Apr 21 02:43:48 EDT 2026
Exit code:     0
============================================
