[1/1] Loading Miniforge...
  Python: /apps/software/standard/core/miniforge/24.11.3-py3.12/bin/python
  Version: Python 3.12.9
============================================
Job ID:        11115387
Node:          udc-an36-13
Partition:     gpu-a100-80
Start time:    Fri Apr  3 23:11:39 EDT 2026
--------------------------------------------
Python:        /apps/software/standard/core/miniforge/24.11.3-py3.12/bin/python
PyTorch:       2.9.0+cu130
CUDA avail:    True
GPU:           NVIDIA A100-SXM4-80GB
CUDA version:  13.0
============================================
============================================================
Experiment: baseline_deeper_cnn
Model:      deeper_cnn
Config:     /home/gvc8fr/ds6050/DS6050_G12_PROJECT/configs/baseline_deeper_cnn.yaml
============================================================
[DEVICE] cuda
[DEVICE] GPU: NVIDIA A100-SXM4-80GB
[DATA] Train: 50000, Val: 10000, Test: 10000
[DATA] Train class counts: [4926 4973 5015 5055 5026 5001 4967 5048 5021 4968]
[DATA] Val class counts:   [1074 1027  985  945  974  999 1033  952  979 1032]
[DATA] Trivial baseline (random): 10.0%
[MODEL] Parameters: 299,114
[MODEL] FLOPs: 30,313,984
============================================
End time:      Fri Apr  3 23:11:56 EDT 2026
Exit code:     1
============================================
