[1/1] Loading Miniforge...
  Python: /apps/software/standard/core/miniforge/24.11.3-py3.12/bin/python
  Version: Python 3.12.9
============================================
Job ID:        11115384
Node:          udc-an36-13
Partition:     gpu-a100-80
Start time:    Fri Apr  3 23:09:11 EDT 2026
--------------------------------------------
Python:        /apps/software/standard/core/miniforge/24.11.3-py3.12/bin/python
PyTorch:       2.9.0+cu130
CUDA avail:    True
GPU:           NVIDIA A100-SXM4-80GB
CUDA version:  13.0
============================================
============================================================
Experiment: ablation_optimizer_adam
Model:      simple_cnn
Config:     /home/gvc8fr/ds6050/DS6050_G12_PROJECT/configs/ablation_optimizer_adam.yaml
============================================================
[DEVICE] cuda
[DEVICE] GPU: NVIDIA A100-SXM4-80GB
[DATA] Train: 50000, Val: 10000, Test: 10000
[DATA] Train class counts: [4926 4973 5015 5055 5026 5001 4967 5048 5021 4968]
[DATA] Val class counts:   [1074 1027  985  945  974  999 1033  952  979 1032]
[DATA] Trivial baseline (random): 10.0%
[MODEL] Parameters: 207,018
[MODEL] FLOPs: 1,293,312
  Epoch   1/50 | Train Loss: 1.3357  Acc: 0.6989 | Val Loss: 0.5068  Acc: 0.8171
  Epoch   2/50 | Train Loss: 0.5540  Acc: 0.7982 | Val Loss: 0.4435  Acc: 0.8425
  Epoch   3/50 | Train Loss: 0.4837  Acc: 0.8234 | Val Loss: 0.3867  Acc: 0.8600
  Epoch   4/50 | Train Loss: 0.4394  Acc: 0.8383 | Val Loss: 0.3695  Acc: 0.8675
  Epoch   5/50 | Train Loss: 0.4098  Acc: 0.8486 | Val Loss: 0.3553  Acc: 0.8733
  Epoch   6/50 | Train Loss: 0.3812  Acc: 0.8587 | Val Loss: 0.3285  Acc: 0.8768
  Epoch   7/50 | Train Loss: 0.3583  Acc: 0.8681 | Val Loss: 0.3228  Acc: 0.8855
  Epoch   8/50 | Train Loss: 0.3448  Acc: 0.8721 | Val Loss: 0.3161  Acc: 0.8885
  Epoch   9/50 | Train Loss: 0.3300  Acc: 0.8771 | Val Loss: 0.3146  Acc: 0.8899
  Epoch  10/50 | Train Loss: 0.3158  Acc: 0.8816 | Val Loss: 0.2983  Acc: 0.8950
  Epoch  11/50 | Train Loss: 0.3019  Acc: 0.8872 | Val Loss: 0.2829  Acc: 0.8949
  Epoch  12/50 | Train Loss: 0.2906  Acc: 0.8932 | Val Loss: 0.2753  Acc: 0.9016
  Epoch  13/50 | Train Loss: 0.2765  Acc: 0.8965 | Val Loss: 0.2823  Acc: 0.8992
  Epoch  14/50 | Train Loss: 0.2731  Acc: 0.8966 | Val Loss: 0.2699  Acc: 0.9040
  Epoch  15/50 | Train Loss: 0.2649  Acc: 0.8999 | Val Loss: 0.2722  Acc: 0.9043
  Epoch  16/50 | Train Loss: 0.2553  Acc: 0.9028 | Val Loss: 0.2616  Acc: 0.9084
  Epoch  17/50 | Train Loss: 0.2445  Acc: 0.9067 | Val Loss: 0.2572  Acc: 0.9076
  Epoch  18/50 | Train Loss: 0.2411  Acc: 0.9105 | Val Loss: 0.2514  Acc: 0.9139
  Epoch  19/50 | Train Loss: 0.2349  Acc: 0.9118 | Val Loss: 0.2725  Acc: 0.9034
  Epoch  20/50 | Train Loss: 0.2271  Acc: 0.9129 | Val Loss: 0.2587  Acc: 0.9146
  Epoch  21/50 | Train Loss: 0.2196  Acc: 0.9160 | Val Loss: 0.2508  Acc: 0.9115
  Epoch  22/50 | Train Loss: 0.2122  Acc: 0.9184 | Val Loss: 0.2562  Acc: 0.9132
  Epoch  23/50 | Train Loss: 0.2071  Acc: 0.9208 | Val Loss: 0.2462  Acc: 0.9176
  Epoch  24/50 | Train Loss: 0.2024  Acc: 0.9226 | Val Loss: 0.2456  Acc: 0.9159
  Epoch  25/50 | Train Loss: 0.1967  Acc: 0.9250 | Val Loss: 0.2518  Acc: 0.9157
  Epoch  26/50 | Train Loss: 0.1923  Acc: 0.9259 | Val Loss: 0.2584  Acc: 0.9178
  Epoch  27/50 | Train Loss: 0.1855  Acc: 0.9291 | Val Loss: 0.2726  Acc: 0.9126
  Epoch  28/50 | Train Loss: 0.1840  Acc: 0.9302 | Val Loss: 0.2390  Acc: 0.9201
  Epoch  29/50 | Train Loss: 0.1742  Acc: 0.9343 | Val Loss: 0.2532  Acc: 0.9191
  Epoch  30/50 | Train Loss: 0.1721  Acc: 0.9338 | Val Loss: 0.2551  Acc: 0.9157
  Epoch  31/50 | Train Loss: 0.1665  Acc: 0.9364 | Val Loss: 0.2557  Acc: 0.9204
  Epoch  32/50 | Train Loss: 0.1668  Acc: 0.9356 | Val Loss: 0.2553  Acc: 0.9172
  Epoch  33/50 | Train Loss: 0.1588  Acc: 0.9397 | Val Loss: 0.2505  Acc: 0.9212
  [EARLY STOP] No improvement for 5 epochs.

============================================================
RESULTS SUMMARY
============================================================
  Accuracy:      0.9212
  F1 (macro):    0.9218
  Train time:    106.7s
  Epochs run:    33
  GPU memory:    50.1 MB

  Per-class F1:
    T-shirt/top    : 0.8685
    Trouser        : 0.9907
    Pullover       : 0.8815
    Dress          : 0.9111
    Coat           : 0.8851
    Sandal         : 0.9829
    Shirt          : 0.7917 *** HARD CLASS
    Sneaker        : 0.9598
    Bag            : 0.9826
    Ankle boot     : 0.9642
[LOG] Result appended to results/all_experiments.csv
[LOG] Curves saved to results/curves/ablation_optimizer_adam.json

[DONE]
============================================
End time:      Fri Apr  3 23:11:14 EDT 2026
Exit code:     0
============================================
