[1/1] Loading Miniforge...
  Python: /apps/software/standard/core/miniforge/24.11.3-py3.12/bin/python
  Version: Python 3.12.9
============================================
Job ID:        11980576
Node:          udc-an36-25
Partition:     gpu-a100-80
Start time:    Tue Apr 21 01:41:51 EDT 2026
--------------------------------------------
Python:        /apps/software/standard/core/miniforge/24.11.3-py3.12/bin/python
PyTorch:       2.9.0+cu130
CUDA avail:    True
GPU:           NVIDIA A100-SXM4-80GB
CUDA version:  13.0
============================================
============================================================
Experiment: ablation_batch_size_256
Model:      simple_cnn
Config:     /home/gvc8fr/ds6050/DS6050_G12_PROJECT/configs/ablation_batch_size_256.yaml
============================================================
[DEVICE] cuda
[DEVICE] GPU: NVIDIA A100-SXM4-80GB
[DATA] Train: 50000, Val: 10000, Test: 10000
[DATA] Train class counts: [4926 4973 5015 5055 5026 5001 4967 5048 5021 4968]
[DATA] Val class counts:   [1074 1027  985  945  974  999 1033  952  979 1032]
[DATA] Trivial baseline (random): 10.0%
[MODEL] Parameters: 207,018
[MODEL] FLOPs: 1,293,312
  Epoch   1/50 | Train Loss: 1.8790  Acc: 0.6546 | Val Loss: 0.5985  Acc: 0.7880
  Epoch   2/50 | Train Loss: 0.6399  Acc: 0.7712 | Val Loss: 0.4916  Acc: 0.8229
  Epoch   3/50 | Train Loss: 0.5445  Acc: 0.8024 | Val Loss: 0.4394  Acc: 0.8466
  Epoch   4/50 | Train Loss: 0.4900  Acc: 0.8215 | Val Loss: 0.3993  Acc: 0.8580
  Epoch   5/50 | Train Loss: 0.4490  Acc: 0.8364 | Val Loss: 0.3721  Acc: 0.8673
  Epoch   6/50 | Train Loss: 0.4178  Acc: 0.8477 | Val Loss: 0.3645  Acc: 0.8704
  Epoch   7/50 | Train Loss: 0.3924  Acc: 0.8550 | Val Loss: 0.3495  Acc: 0.8789
  Epoch   8/50 | Train Loss: 0.3759  Acc: 0.8620 | Val Loss: 0.3425  Acc: 0.8752
  Epoch   9/50 | Train Loss: 0.3642  Acc: 0.8655 | Val Loss: 0.3297  Acc: 0.8837
  Epoch  10/50 | Train Loss: 0.3456  Acc: 0.8730 | Val Loss: 0.3149  Acc: 0.8880
  Epoch  11/50 | Train Loss: 0.3318  Acc: 0.8768 | Val Loss: 0.3077  Acc: 0.8896
  Epoch  12/50 | Train Loss: 0.3173  Acc: 0.8820 | Val Loss: 0.3076  Acc: 0.8920
  Epoch  13/50 | Train Loss: 0.3099  Acc: 0.8854 | Val Loss: 0.3003  Acc: 0.8925
  Epoch  14/50 | Train Loss: 0.3012  Acc: 0.8890 | Val Loss: 0.2889  Acc: 0.8998
  Epoch  15/50 | Train Loss: 0.2910  Acc: 0.8921 | Val Loss: 0.2843  Acc: 0.9004
  Epoch  16/50 | Train Loss: 0.2828  Acc: 0.8948 | Val Loss: 0.2855  Acc: 0.8988
  Epoch  17/50 | Train Loss: 0.2717  Acc: 0.8993 | Val Loss: 0.2862  Acc: 0.9005
  Epoch  18/50 | Train Loss: 0.2714  Acc: 0.8996 | Val Loss: 0.2818  Acc: 0.9005
  Epoch  19/50 | Train Loss: 0.2614  Acc: 0.9016 | Val Loss: 0.2782  Acc: 0.9061
  Epoch  20/50 | Train Loss: 0.2510  Acc: 0.9042 | Val Loss: 0.2669  Acc: 0.9091
  Epoch  21/50 | Train Loss: 0.2475  Acc: 0.9068 | Val Loss: 0.2784  Acc: 0.9013
  Epoch  22/50 | Train Loss: 0.2396  Acc: 0.9091 | Val Loss: 0.2595  Acc: 0.9074
  Epoch  23/50 | Train Loss: 0.2341  Acc: 0.9123 | Val Loss: 0.2518  Acc: 0.9102
  Epoch  24/50 | Train Loss: 0.2314  Acc: 0.9128 | Val Loss: 0.2613  Acc: 0.9110
  Epoch  25/50 | Train Loss: 0.2265  Acc: 0.9129 | Val Loss: 0.2589  Acc: 0.9097
  Epoch  26/50 | Train Loss: 0.2213  Acc: 0.9152 | Val Loss: 0.2616  Acc: 0.9069
  Epoch  27/50 | Train Loss: 0.2129  Acc: 0.9195 | Val Loss: 0.2667  Acc: 0.9095
  Epoch  28/50 | Train Loss: 0.2102  Acc: 0.9205 | Val Loss: 0.2530  Acc: 0.9145
  [EARLY STOP] No improvement for 5 epochs.

============================================================
RESULTS SUMMARY
============================================================
  Accuracy:      0.9145
  F1 (macro):    0.9148
  Train time:    85.1s
  Epochs run:    28
  GPU memory:    79.4 MB

  Per-class F1:
    T-shirt/top    : 0.8727
    Trouser        : 0.9878
    Pullover       : 0.8704
    Dress          : 0.9061
    Coat           : 0.8742
    Sandal         : 0.9733
    Shirt          : 0.7661 *** HARD CLASS
    Sneaker        : 0.9524
    Bag            : 0.9781
    Ankle boot     : 0.9668
[LOG] Result appended to results/all_experiments.csv
[LOG] Curves saved to results/curves/ablation_batch_size_256.json

[DONE]
============================================
End time:      Tue Apr 21 01:43:31 EDT 2026
Exit code:     0
============================================
