[1/1] Loading Miniforge...
  Python: /apps/software/standard/core/miniforge/24.11.3-py3.12/bin/python
  Version: Python 3.12.9
============================================
Job ID:        11980597
Node:          udc-an36-31
Partition:     gpu-a100-80
Start time:    Tue Apr 21 02:40:42 EDT 2026
--------------------------------------------
Python:        /apps/software/standard/core/miniforge/24.11.3-py3.12/bin/python
PyTorch:       2.9.0+cu130
CUDA avail:    True
GPU:           NVIDIA A100-SXM4-80GB
CUDA version:  13.0
============================================
============================================================
Experiment: baseline_xgboost
Model:      xgboost
Config:     /home/gvc8fr/ds6050/DS6050_G12_PROJECT/configs/baseline_xgboost.yaml
============================================================
[DEVICE] cuda
[DEVICE] GPU: NVIDIA A100-SXM4-80GB
[DATA] Train: 50000, Val: 10000, Test: 10000
[DATA] Train class counts: [4926 4973 5015 5055 5026 5001 4967 5048 5021 4968]
[DATA] Val class counts:   [1074 1027  985  945  974  999 1033  952  979 1032]
[DATA] Trivial baseline (random): 10.0%
  XGBoost params: {'max_depth': 6, 'n_estimators': 100, 'learning_rate': 0.1, 'objective': 'multi:softmax', 'num_class': 10, 'n_jobs': -1, 'random_state': 42, 'tree_method': 'hist', 'device': 'cuda'}

============================================================
RESULTS SUMMARY
============================================================
  Accuracy:      0.8911
  F1 (macro):    0.8908
  Train time:    5.1s
  Epochs run:    100
  GPU memory:    0.0 MB

  Per-class F1:
    T-shirt/top    : 0.8458 *** HARD CLASS
    Trouser        : 0.9872
    Pullover       : 0.8275 *** HARD CLASS
    Dress          : 0.8930
    Coat           : 0.8401 *** HARD CLASS
    Sandal         : 0.9611
    Shirt          : 0.7006 *** HARD CLASS
    Sneaker        : 0.9403
    Bag            : 0.9649
    Ankle boot     : 0.9474
[LOG] Result appended to results/all_experiments.csv

[DONE]
============================================
End time:      Tue Apr 21 02:41:06 EDT 2026
Exit code:     0
============================================
