[1/1] Loading Miniforge...
  Python: /apps/software/standard/core/miniforge/24.11.3-py3.12/bin/python
  Version: Python 3.12.9
============================================
Job ID:        11115397
Node:          udc-an36-13
Partition:     gpu-a100-80
Start time:    Fri Apr  3 23:16:37 EDT 2026
--------------------------------------------
Python:        /apps/software/standard/core/miniforge/24.11.3-py3.12/bin/python
PyTorch:       2.9.0+cu130
CUDA avail:    True
GPU:           NVIDIA A100-SXM4-80GB
CUDA version:  13.0
============================================
============================================================
Experiment: dataeff_simple_cnn_50k
Model:      simple_cnn
Config:     /home/gvc8fr/ds6050/DS6050_G12_PROJECT/configs/dataeff_simple_cnn_50k.yaml
============================================================
[DEVICE] cuda
[DEVICE] GPU: NVIDIA A100-SXM4-80GB
[DATA] Train: 50000, Val: 10000, Test: 10000
[DATA] Train class counts: [4926 4973 5015 5055 5026 5001 4967 5048 5021 4968]
[DATA] Val class counts:   [1074 1027  985  945  974  999 1033  952  979 1032]
[DATA] Trivial baseline (random): 10.0%
[MODEL] Parameters: 207,018
[MODEL] FLOPs: 1,293,312
  Epoch   1/50 | Train Loss: 1.3399  Acc: 0.6977 | Val Loss: 0.5197  Acc: 0.8169
  Epoch   2/50 | Train Loss: 0.5592  Acc: 0.7963 | Val Loss: 0.4400  Acc: 0.8400
  Epoch   3/50 | Train Loss: 0.4799  Acc: 0.8259 | Val Loss: 0.3998  Acc: 0.8560
  Epoch   4/50 | Train Loss: 0.4349  Acc: 0.8401 | Val Loss: 0.3612  Acc: 0.8658
  Epoch   5/50 | Train Loss: 0.3994  Acc: 0.8528 | Val Loss: 0.3486  Acc: 0.8749
  Epoch   6/50 | Train Loss: 0.3734  Acc: 0.8619 | Val Loss: 0.3268  Acc: 0.8809
  Epoch   7/50 | Train Loss: 0.3522  Acc: 0.8696 | Val Loss: 0.3197  Acc: 0.8831
  Epoch   8/50 | Train Loss: 0.3362  Acc: 0.8766 | Val Loss: 0.3135  Acc: 0.8887
  Epoch   9/50 | Train Loss: 0.3238  Acc: 0.8801 | Val Loss: 0.3036  Acc: 0.8915
  Epoch  10/50 | Train Loss: 0.3095  Acc: 0.8842 | Val Loss: 0.2880  Acc: 0.8991
  Epoch  11/50 | Train Loss: 0.2982  Acc: 0.8894 | Val Loss: 0.2787  Acc: 0.9031
  Epoch  12/50 | Train Loss: 0.2843  Acc: 0.8938 | Val Loss: 0.2752  Acc: 0.9044
  Epoch  13/50 | Train Loss: 0.2755  Acc: 0.8969 | Val Loss: 0.2782  Acc: 0.9020
  Epoch  14/50 | Train Loss: 0.2660  Acc: 0.8995 | Val Loss: 0.2595  Acc: 0.9100
  Epoch  15/50 | Train Loss: 0.2590  Acc: 0.9034 | Val Loss: 0.2666  Acc: 0.9080
  Epoch  16/50 | Train Loss: 0.2524  Acc: 0.9048 | Val Loss: 0.2559  Acc: 0.9094
  Epoch  17/50 | Train Loss: 0.2418  Acc: 0.9092 | Val Loss: 0.2478  Acc: 0.9109
  Epoch  18/50 | Train Loss: 0.2372  Acc: 0.9106 | Val Loss: 0.2418  Acc: 0.9142
  Epoch  19/50 | Train Loss: 0.2302  Acc: 0.9145 | Val Loss: 0.2423  Acc: 0.9169
  Epoch  20/50 | Train Loss: 0.2223  Acc: 0.9162 | Val Loss: 0.2428  Acc: 0.9175
  Epoch  21/50 | Train Loss: 0.2149  Acc: 0.9173 | Val Loss: 0.2482  Acc: 0.9152
  Epoch  22/50 | Train Loss: 0.2091  Acc: 0.9205 | Val Loss: 0.2619  Acc: 0.9129
  Epoch  23/50 | Train Loss: 0.2031  Acc: 0.9229 | Val Loss: 0.2384  Acc: 0.9183
  Epoch  24/50 | Train Loss: 0.1949  Acc: 0.9258 | Val Loss: 0.2392  Acc: 0.9215
  Epoch  25/50 | Train Loss: 0.1927  Acc: 0.9262 | Val Loss: 0.2326  Acc: 0.9227
  Epoch  26/50 | Train Loss: 0.1880  Acc: 0.9285 | Val Loss: 0.2403  Acc: 0.9198
  Epoch  27/50 | Train Loss: 0.1850  Acc: 0.9294 | Val Loss: 0.2477  Acc: 0.9173
  Epoch  28/50 | Train Loss: 0.1783  Acc: 0.9314 | Val Loss: 0.2255  Acc: 0.9221
  Epoch  29/50 | Train Loss: 0.1718  Acc: 0.9343 | Val Loss: 0.2565  Acc: 0.9162
  Epoch  30/50 | Train Loss: 0.1679  Acc: 0.9355 | Val Loss: 0.2453  Acc: 0.9170
  Epoch  31/50 | Train Loss: 0.1652  Acc: 0.9372 | Val Loss: 0.2462  Acc: 0.9208
  Epoch  32/50 | Train Loss: 0.1625  Acc: 0.9381 | Val Loss: 0.2477  Acc: 0.9174
  Epoch  33/50 | Train Loss: 0.1571  Acc: 0.9384 | Val Loss: 0.2396  Acc: 0.9222
  [EARLY STOP] No improvement for 5 epochs.

============================================================
RESULTS SUMMARY
============================================================
  Accuracy:      0.9222
  F1 (macro):    0.9223
  Train time:    106.5s
  Epochs run:    33
  GPU memory:    50.1 MB

  Per-class F1:
    T-shirt/top    : 0.8786
    Trouser        : 0.9898
    Pullover       : 0.8852
    Dress          : 0.9160
    Coat           : 0.8882
    Sandal         : 0.9780
    Shirt          : 0.7755 *** HARD CLASS
    Sneaker        : 0.9600
    Bag            : 0.9826
    Ankle boot     : 0.9688
[LOG] Result appended to results/all_experiments.csv
[LOG] Curves saved to results/curves/dataeff_simple_cnn_50k.json

[DONE]
============================================
End time:      Fri Apr  3 23:18:39 EDT 2026
Exit code:     0
============================================
