[1/1] Loading Miniforge...
  Python: /apps/software/standard/core/miniforge/24.11.3-py3.12/bin/python
  Version: Python 3.12.9
============================================
Job ID:        11115385
Node:          udc-ba02-38
Partition:     gpu-a40
Start time:    Fri Apr  3 23:09:57 EDT 2026
--------------------------------------------
Python:        /apps/software/standard/core/miniforge/24.11.3-py3.12/bin/python
PyTorch:       2.9.0+cu130
CUDA avail:    True
GPU:           NVIDIA A40
CUDA version:  13.0
============================================
============================================================
Experiment: ablation_optimizer_sgd_momentum
Model:      simple_cnn
Config:     /home/gvc8fr/ds6050/DS6050_G12_PROJECT/configs/ablation_optimizer_sgd_momentum.yaml
============================================================
[DEVICE] cuda
[DEVICE] GPU: NVIDIA A40
[DATA] Train: 50000, Val: 10000, Test: 10000
[DATA] Train class counts: [4926 4973 5015 5055 5026 5001 4967 5048 5021 4968]
[DATA] Val class counts:   [1074 1027  985  945  974  999 1033  952  979 1032]
[DATA] Trivial baseline (random): 10.0%
[MODEL] Parameters: 207,018
[MODEL] FLOPs: 1,293,312
  Epoch   1/50 | Train Loss: 1.5743  Acc: 0.6546 | Val Loss: 0.6158  Acc: 0.7775
  Epoch   2/50 | Train Loss: 0.7085  Acc: 0.7515 | Val Loss: 0.5351  Acc: 0.8056
  Epoch   3/50 | Train Loss: 0.6302  Acc: 0.7760 | Val Loss: 0.5076  Acc: 0.8169
  Epoch   4/50 | Train Loss: 0.5817  Acc: 0.7923 | Val Loss: 0.4741  Acc: 0.8318
  Epoch   5/50 | Train Loss: 0.5497  Acc: 0.8046 | Val Loss: 0.4564  Acc: 0.8361
  Epoch   6/50 | Train Loss: 0.5250  Acc: 0.8117 | Val Loss: 0.4388  Acc: 0.8426
  Epoch   7/50 | Train Loss: 0.5052  Acc: 0.8179 | Val Loss: 0.4290  Acc: 0.8484
  Epoch   8/50 | Train Loss: 0.4925  Acc: 0.8232 | Val Loss: 0.4148  Acc: 0.8492
  Epoch   9/50 | Train Loss: 0.4751  Acc: 0.8277 | Val Loss: 0.4055  Acc: 0.8551
  Epoch  10/50 | Train Loss: 0.4601  Acc: 0.8335 | Val Loss: 0.3968  Acc: 0.8578
  Epoch  11/50 | Train Loss: 0.4472  Acc: 0.8383 | Val Loss: 0.3882  Acc: 0.8603
  Epoch  12/50 | Train Loss: 0.4387  Acc: 0.8407 | Val Loss: 0.3855  Acc: 0.8608
  Epoch  13/50 | Train Loss: 0.4309  Acc: 0.8440 | Val Loss: 0.3785  Acc: 0.8604
  Epoch  14/50 | Train Loss: 0.4243  Acc: 0.8459 | Val Loss: 0.3728  Acc: 0.8645
  Epoch  15/50 | Train Loss: 0.4144  Acc: 0.8491 | Val Loss: 0.3669  Acc: 0.8636
  Epoch  16/50 | Train Loss: 0.4138  Acc: 0.8506 | Val Loss: 0.3626  Acc: 0.8683
  Epoch  17/50 | Train Loss: 0.4043  Acc: 0.8531 | Val Loss: 0.3604  Acc: 0.8690
  Epoch  18/50 | Train Loss: 0.3971  Acc: 0.8563 | Val Loss: 0.3605  Acc: 0.8718
  Epoch  19/50 | Train Loss: 0.3902  Acc: 0.8589 | Val Loss: 0.3536  Acc: 0.8727
  Epoch  20/50 | Train Loss: 0.3865  Acc: 0.8611 | Val Loss: 0.3479  Acc: 0.8755
  Epoch  21/50 | Train Loss: 0.3780  Acc: 0.8625 | Val Loss: 0.3454  Acc: 0.8749
  Epoch  22/50 | Train Loss: 0.3777  Acc: 0.8632 | Val Loss: 0.3443  Acc: 0.8746
  Epoch  23/50 | Train Loss: 0.3702  Acc: 0.8661 | Val Loss: 0.3410  Acc: 0.8741
  Epoch  24/50 | Train Loss: 0.3662  Acc: 0.8678 | Val Loss: 0.3403  Acc: 0.8781
  Epoch  25/50 | Train Loss: 0.3658  Acc: 0.8680 | Val Loss: 0.3339  Acc: 0.8775
  Epoch  26/50 | Train Loss: 0.3615  Acc: 0.8691 | Val Loss: 0.3353  Acc: 0.8757
  Epoch  27/50 | Train Loss: 0.3575  Acc: 0.8700 | Val Loss: 0.3282  Acc: 0.8796
  Epoch  28/50 | Train Loss: 0.3551  Acc: 0.8706 | Val Loss: 0.3237  Acc: 0.8810
  Epoch  29/50 | Train Loss: 0.3460  Acc: 0.8724 | Val Loss: 0.3253  Acc: 0.8821
  Epoch  30/50 | Train Loss: 0.3453  Acc: 0.8742 | Val Loss: 0.3224  Acc: 0.8837
  Epoch  31/50 | Train Loss: 0.3431  Acc: 0.8755 | Val Loss: 0.3202  Acc: 0.8823
  Epoch  32/50 | Train Loss: 0.3393  Acc: 0.8766 | Val Loss: 0.3174  Acc: 0.8855
  Epoch  33/50 | Train Loss: 0.3375  Acc: 0.8783 | Val Loss: 0.3202  Acc: 0.8819
  Epoch  34/50 | Train Loss: 0.3350  Acc: 0.8777 | Val Loss: 0.3116  Acc: 0.8874
  Epoch  35/50 | Train Loss: 0.3310  Acc: 0.8791 | Val Loss: 0.3159  Acc: 0.8862
  Epoch  36/50 | Train Loss: 0.3281  Acc: 0.8817 | Val Loss: 0.3115  Acc: 0.8871
  Epoch  37/50 | Train Loss: 0.3273  Acc: 0.8797 | Val Loss: 0.3099  Acc: 0.8890
  Epoch  38/50 | Train Loss: 0.3262  Acc: 0.8816 | Val Loss: 0.3072  Acc: 0.8883
  Epoch  39/50 | Train Loss: 0.3200  Acc: 0.8827 | Val Loss: 0.3063  Acc: 0.8909
  Epoch  40/50 | Train Loss: 0.3181  Acc: 0.8839 | Val Loss: 0.3084  Acc: 0.8873
  Epoch  41/50 | Train Loss: 0.3164  Acc: 0.8846 | Val Loss: 0.3028  Acc: 0.8889
  Epoch  42/50 | Train Loss: 0.3130  Acc: 0.8858 | Val Loss: 0.3032  Acc: 0.8895
  Epoch  43/50 | Train Loss: 0.3099  Acc: 0.8863 | Val Loss: 0.3080  Acc: 0.8879
  Epoch  44/50 | Train Loss: 0.3098  Acc: 0.8856 | Val Loss: 0.3055  Acc: 0.8895
  Epoch  45/50 | Train Loss: 0.3074  Acc: 0.8878 | Val Loss: 0.3021  Acc: 0.8908
  Epoch  46/50 | Train Loss: 0.3069  Acc: 0.8873 | Val Loss: 0.3017  Acc: 0.8911
  Epoch  47/50 | Train Loss: 0.3056  Acc: 0.8885 | Val Loss: 0.3013  Acc: 0.8893
  Epoch  48/50 | Train Loss: 0.3003  Acc: 0.8896 | Val Loss: 0.2968  Acc: 0.8929
  Epoch  49/50 | Train Loss: 0.2975  Acc: 0.8911 | Val Loss: 0.2937  Acc: 0.8947
  Epoch  50/50 | Train Loss: 0.2972  Acc: 0.8905 | Val Loss: 0.2906  Acc: 0.8964

============================================================
RESULTS SUMMARY
============================================================
  Accuracy:      0.8964
  F1 (macro):    0.8969
  Train time:    102.2s
  Epochs run:    50
  GPU memory:    49.3 MB

  Per-class F1:
    T-shirt/top    : 0.8395 *** HARD CLASS
    Trouser        : 0.9868
    Pullover       : 0.8451 *** HARD CLASS
    Dress          : 0.9044
    Coat           : 0.8482 *** HARD CLASS
    Sandal         : 0.9642
    Shirt          : 0.7066 *** HARD CLASS
    Sneaker        : 0.9493
    Bag            : 0.9678
    Ankle boot     : 0.9570
[LOG] Result appended to results/all_experiments.csv
[LOG] Curves saved to results/curves/ablation_optimizer_sgd_momentum.json

[DONE]
============================================
End time:      Fri Apr  3 23:11:52 EDT 2026
Exit code:     0
============================================
