[1/1] Loading Miniforge...
  Python: /apps/software/standard/core/miniforge/24.11.3-py3.12/bin/python
  Version: Python 3.12.9
============================================
Job ID:        11980591
Node:          udc-an36-31
Partition:     gpu-a100-80
Start time:    Tue Apr 21 02:22:59 EDT 2026
--------------------------------------------
Python:        /apps/software/standard/core/miniforge/24.11.3-py3.12/bin/python
PyTorch:       2.9.0+cu130
CUDA avail:    True
GPU:           NVIDIA A100-SXM4-80GB
CUDA version:  13.0
============================================
============================================================
Experiment: ablation_optimizer_adam
Model:      simple_cnn
Config:     /home/gvc8fr/ds6050/DS6050_G12_PROJECT/configs/ablation_optimizer_adam.yaml
============================================================
[DEVICE] cuda
[DEVICE] GPU: NVIDIA A100-SXM4-80GB
[DATA] Train: 50000, Val: 10000, Test: 10000
[DATA] Train class counts: [4926 4973 5015 5055 5026 5001 4967 5048 5021 4968]
[DATA] Val class counts:   [1074 1027  985  945  974  999 1033  952  979 1032]
[DATA] Trivial baseline (random): 10.0%
[MODEL] Parameters: 207,018
[MODEL] FLOPs: 1,293,312
  Epoch   1/50 | Train Loss: 1.3363  Acc: 0.6971 | Val Loss: 0.5047  Acc: 0.8178
  Epoch   2/50 | Train Loss: 0.5595  Acc: 0.7961 | Val Loss: 0.4406  Acc: 0.8420
  Epoch   3/50 | Train Loss: 0.4801  Acc: 0.8258 | Val Loss: 0.4121  Acc: 0.8551
  Epoch   4/50 | Train Loss: 0.4354  Acc: 0.8396 | Val Loss: 0.3696  Acc: 0.8677
  Epoch   5/50 | Train Loss: 0.4050  Acc: 0.8485 | Val Loss: 0.3496  Acc: 0.8733
  Epoch   6/50 | Train Loss: 0.3759  Acc: 0.8606 | Val Loss: 0.3225  Acc: 0.8806
  Epoch   7/50 | Train Loss: 0.3566  Acc: 0.8691 | Val Loss: 0.3200  Acc: 0.8863
  Epoch   8/50 | Train Loss: 0.3397  Acc: 0.8753 | Val Loss: 0.3073  Acc: 0.8880
  Epoch   9/50 | Train Loss: 0.3263  Acc: 0.8777 | Val Loss: 0.3021  Acc: 0.8864
  Epoch  10/50 | Train Loss: 0.3140  Acc: 0.8834 | Val Loss: 0.2834  Acc: 0.8987
  Epoch  11/50 | Train Loss: 0.2985  Acc: 0.8882 | Val Loss: 0.2799  Acc: 0.8980
  Epoch  12/50 | Train Loss: 0.2896  Acc: 0.8931 | Val Loss: 0.2698  Acc: 0.9044
  Epoch  13/50 | Train Loss: 0.2785  Acc: 0.8968 | Val Loss: 0.2775  Acc: 0.9028
  Epoch  14/50 | Train Loss: 0.2668  Acc: 0.9001 | Val Loss: 0.2588  Acc: 0.9106
  Epoch  15/50 | Train Loss: 0.2604  Acc: 0.9013 | Val Loss: 0.2703  Acc: 0.9048
  Epoch  16/50 | Train Loss: 0.2544  Acc: 0.9047 | Val Loss: 0.2658  Acc: 0.9056
  Epoch  17/50 | Train Loss: 0.2439  Acc: 0.9087 | Val Loss: 0.2556  Acc: 0.9119
  Epoch  18/50 | Train Loss: 0.2400  Acc: 0.9094 | Val Loss: 0.2506  Acc: 0.9115
  Epoch  19/50 | Train Loss: 0.2310  Acc: 0.9135 | Val Loss: 0.2587  Acc: 0.9140
  Epoch  20/50 | Train Loss: 0.2227  Acc: 0.9157 | Val Loss: 0.2477  Acc: 0.9150
  Epoch  21/50 | Train Loss: 0.2156  Acc: 0.9180 | Val Loss: 0.2451  Acc: 0.9150
  Epoch  22/50 | Train Loss: 0.2094  Acc: 0.9199 | Val Loss: 0.2598  Acc: 0.9136
  Epoch  23/50 | Train Loss: 0.2033  Acc: 0.9238 | Val Loss: 0.2431  Acc: 0.9175
  Epoch  24/50 | Train Loss: 0.1997  Acc: 0.9234 | Val Loss: 0.2498  Acc: 0.9130
  Epoch  25/50 | Train Loss: 0.1925  Acc: 0.9266 | Val Loss: 0.2439  Acc: 0.9174
  Epoch  26/50 | Train Loss: 0.1891  Acc: 0.9274 | Val Loss: 0.2469  Acc: 0.9189
  Epoch  27/50 | Train Loss: 0.1847  Acc: 0.9289 | Val Loss: 0.2509  Acc: 0.9191
  Epoch  28/50 | Train Loss: 0.1803  Acc: 0.9307 | Val Loss: 0.2377  Acc: 0.9204
  Epoch  29/50 | Train Loss: 0.1737  Acc: 0.9347 | Val Loss: 0.2522  Acc: 0.9171
  Epoch  30/50 | Train Loss: 0.1671  Acc: 0.9360 | Val Loss: 0.2502  Acc: 0.9175
  Epoch  31/50 | Train Loss: 0.1659  Acc: 0.9376 | Val Loss: 0.2483  Acc: 0.9192
  Epoch  32/50 | Train Loss: 0.1637  Acc: 0.9366 | Val Loss: 0.2495  Acc: 0.9198
  Epoch  33/50 | Train Loss: 0.1586  Acc: 0.9393 | Val Loss: 0.2554  Acc: 0.9178
  [EARLY STOP] No improvement for 5 epochs.

============================================================
RESULTS SUMMARY
============================================================
  Accuracy:      0.9178
  F1 (macro):    0.9173
  Train time:    129.0s
  Epochs run:    33
  GPU memory:    50.1 MB

  Per-class F1:
    T-shirt/top    : 0.8786
    Trouser        : 0.9893
    Pullover       : 0.8724
    Dress          : 0.9107
    Coat           : 0.8747
    Sandal         : 0.9794
    Shirt          : 0.7568 *** HARD CLASS
    Sneaker        : 0.9608
    Bag            : 0.9836
    Ankle boot     : 0.9666
[LOG] Result appended to results/all_experiments.csv
[LOG] Curves saved to results/curves/ablation_optimizer_adam.json

[DONE]
============================================
End time:      Tue Apr 21 02:25:25 EDT 2026
Exit code:     0
============================================
