[1/1] Loading Miniforge...
  Python: /apps/software/standard/core/miniforge/24.11.3-py3.12/bin/python
  Version: Python 3.12.9
============================================
Job ID:        11115395
Node:          udc-an36-7
Partition:     gpu-a100-80
Start time:    Fri Apr  3 23:15:59 EDT 2026
--------------------------------------------
Python:        /apps/software/standard/core/miniforge/24.11.3-py3.12/bin/python
PyTorch:       2.9.0+cu130
CUDA avail:    True
GPU:           NVIDIA A100-SXM4-80GB
CUDA version:  13.0
============================================
============================================================
Experiment: dataeff_simple_cnn_10k
Model:      simple_cnn
Config:     /home/gvc8fr/ds6050/DS6050_G12_PROJECT/configs/dataeff_simple_cnn_10k.yaml
============================================================
[DEVICE] cuda
[DEVICE] GPU: NVIDIA A100-SXM4-80GB
[DATA] Train: 10000, Val: 10000, Test: 10000
[DATA] Train class counts: [ 980  979 1061  974 1046 1055  984  993  957  971]
[DATA] Val class counts:   [ 984 1024  978 1004  990  975 1031 1034  976 1004]
[DATA] Trivial baseline (random): 10.0%
[MODEL] Parameters: 207,018
[MODEL] FLOPs: 1,293,312
  Epoch   1/50 | Train Loss: 3.8751  Acc: 0.5396 | Val Loss: 0.8011  Acc: 0.7174
  Epoch   2/50 | Train Loss: 0.8911  Acc: 0.6846 | Val Loss: 0.6637  Acc: 0.7545
  Epoch   3/50 | Train Loss: 0.7620  Acc: 0.7255 | Val Loss: 0.5869  Acc: 0.7866
  Epoch   4/50 | Train Loss: 0.6764  Acc: 0.7509 | Val Loss: 0.5422  Acc: 0.8043
  Epoch   5/50 | Train Loss: 0.6276  Acc: 0.7714 | Val Loss: 0.5210  Acc: 0.8054
  Epoch   6/50 | Train Loss: 0.5833  Acc: 0.7790 | Val Loss: 0.4890  Acc: 0.8255
  Epoch   7/50 | Train Loss: 0.5338  Acc: 0.8030 | Val Loss: 0.5055  Acc: 0.8141
  Epoch   8/50 | Train Loss: 0.5377  Acc: 0.7987 | Val Loss: 0.4507  Acc: 0.8364
  Epoch   9/50 | Train Loss: 0.4860  Acc: 0.8193 | Val Loss: 0.4453  Acc: 0.8380
  Epoch  10/50 | Train Loss: 0.4774  Acc: 0.8236 | Val Loss: 0.4275  Acc: 0.8463
  Epoch  11/50 | Train Loss: 0.4471  Acc: 0.8326 | Val Loss: 0.4192  Acc: 0.8508
  Epoch  12/50 | Train Loss: 0.4250  Acc: 0.8402 | Val Loss: 0.4101  Acc: 0.8535
  Epoch  13/50 | Train Loss: 0.4132  Acc: 0.8444 | Val Loss: 0.4051  Acc: 0.8535
  Epoch  14/50 | Train Loss: 0.4022  Acc: 0.8443 | Val Loss: 0.4193  Acc: 0.8550
  Epoch  15/50 | Train Loss: 0.3896  Acc: 0.8511 | Val Loss: 0.4023  Acc: 0.8581
  Epoch  16/50 | Train Loss: 0.3683  Acc: 0.8628 | Val Loss: 0.4086  Acc: 0.8571
  Epoch  17/50 | Train Loss: 0.3711  Acc: 0.8570 | Val Loss: 0.3942  Acc: 0.8590
  Epoch  18/50 | Train Loss: 0.3632  Acc: 0.8646 | Val Loss: 0.3824  Acc: 0.8631
  Epoch  19/50 | Train Loss: 0.3533  Acc: 0.8634 | Val Loss: 0.3897  Acc: 0.8626
  Epoch  20/50 | Train Loss: 0.3395  Acc: 0.8674 | Val Loss: 0.3973  Acc: 0.8611
  Epoch  21/50 | Train Loss: 0.3280  Acc: 0.8723 | Val Loss: 0.3749  Acc: 0.8691
  Epoch  22/50 | Train Loss: 0.3129  Acc: 0.8772 | Val Loss: 0.3849  Acc: 0.8684
  Epoch  23/50 | Train Loss: 0.3249  Acc: 0.8746 | Val Loss: 0.3668  Acc: 0.8696
  Epoch  24/50 | Train Loss: 0.3089  Acc: 0.8799 | Val Loss: 0.3748  Acc: 0.8700
  Epoch  25/50 | Train Loss: 0.2969  Acc: 0.8858 | Val Loss: 0.3800  Acc: 0.8672
  Epoch  26/50 | Train Loss: 0.2927  Acc: 0.8867 | Val Loss: 0.3688  Acc: 0.8694
  Epoch  27/50 | Train Loss: 0.2910  Acc: 0.8849 | Val Loss: 0.3679  Acc: 0.8710
  Epoch  28/50 | Train Loss: 0.2728  Acc: 0.8954 | Val Loss: 0.3840  Acc: 0.8710
  [EARLY STOP] No improvement for 5 epochs.

============================================================
RESULTS SUMMARY
============================================================
  Accuracy:      0.8710
  F1 (macro):    0.8705
  Train time:    39.6s
  Epochs run:    28
  GPU memory:    50.1 MB

  Per-class F1:
    T-shirt/top    : 0.8097 *** HARD CLASS
    Trouser        : 0.9744
    Pullover       : 0.7942 *** HARD CLASS
    Dress          : 0.8784
    Coat           : 0.7762 *** HARD CLASS
    Sandal         : 0.9598
    Shirt          : 0.6680 *** HARD CLASS
    Sneaker        : 0.9360
    Bag            : 0.9556
    Ankle boot     : 0.9530
[LOG] Result appended to results/all_experiments.csv
[LOG] Curves saved to results/curves/dataeff_simple_cnn_10k.json

[DONE]
============================================
End time:      Fri Apr  3 23:16:56 EDT 2026
Exit code:     0
============================================
