[1/1] Loading Miniforge...
  Python: /apps/software/standard/core/miniforge/24.11.3-py3.12/bin/python
  Version: Python 3.12.9
============================================
Job ID:        11980583
Node:          udc-an36-31
Partition:     gpu-a100-80
Start time:    Tue Apr 21 02:09:46 EDT 2026
--------------------------------------------
Python:        /apps/software/standard/core/miniforge/24.11.3-py3.12/bin/python
PyTorch:       2.9.0+cu130
CUDA avail:    True
GPU:           NVIDIA A100-SXM4-80GB
CUDA version:  13.0
============================================
============================================================
Experiment: ablation_initialization_default
Model:      simple_cnn
Config:     /home/gvc8fr/ds6050/DS6050_G12_PROJECT/configs/ablation_initialization_default.yaml
============================================================
[DEVICE] cuda
[DEVICE] GPU: NVIDIA A100-SXM4-80GB
[DATA] Train: 50000, Val: 10000, Test: 10000
[DATA] Train class counts: [4926 4973 5015 5055 5026 5001 4967 5048 5021 4968]
[DATA] Val class counts:   [1074 1027  985  945  974  999 1033  952  979 1032]
[DATA] Trivial baseline (random): 10.0%
[MODEL] Parameters: 207,018
[MODEL] FLOPs: 1,293,312
  Epoch   1/50 | Train Loss: 0.4751  Acc: 0.8296 | Val Loss: 0.3638  Acc: 0.8617
  Epoch   2/50 | Train Loss: 0.3192  Acc: 0.8848 | Val Loss: 0.2891  Acc: 0.8971
  Epoch   3/50 | Train Loss: 0.2840  Acc: 0.8955 | Val Loss: 0.2641  Acc: 0.9022
  Epoch   4/50 | Train Loss: 0.2562  Acc: 0.9073 | Val Loss: 0.2543  Acc: 0.9066
  Epoch   5/50 | Train Loss: 0.2385  Acc: 0.9115 | Val Loss: 0.2517  Acc: 0.9094
  Epoch   6/50 | Train Loss: 0.2209  Acc: 0.9176 | Val Loss: 0.2413  Acc: 0.9098
  Epoch   7/50 | Train Loss: 0.2128  Acc: 0.9191 | Val Loss: 0.2351  Acc: 0.9135
  Epoch   8/50 | Train Loss: 0.1978  Acc: 0.9261 | Val Loss: 0.2344  Acc: 0.9162
  Epoch   9/50 | Train Loss: 0.1839  Acc: 0.9313 | Val Loss: 0.2428  Acc: 0.9124
  Epoch  10/50 | Train Loss: 0.1742  Acc: 0.9356 | Val Loss: 0.2313  Acc: 0.9189
  Epoch  11/50 | Train Loss: 0.1638  Acc: 0.9381 | Val Loss: 0.2320  Acc: 0.9177
  Epoch  12/50 | Train Loss: 0.1571  Acc: 0.9396 | Val Loss: 0.2324  Acc: 0.9197
  Epoch  13/50 | Train Loss: 0.1456  Acc: 0.9455 | Val Loss: 0.2383  Acc: 0.9183
  Epoch  14/50 | Train Loss: 0.1375  Acc: 0.9489 | Val Loss: 0.2448  Acc: 0.9148
  Epoch  15/50 | Train Loss: 0.1319  Acc: 0.9495 | Val Loss: 0.2384  Acc: 0.9182
  [EARLY STOP] No improvement for 5 epochs.

============================================================
RESULTS SUMMARY
============================================================
  Accuracy:      0.9182
  F1 (macro):    0.9184
  Train time:    59.2s
  Epochs run:    15
  GPU memory:    50.1 MB

  Per-class F1:
    T-shirt/top    : 0.8664
    Trouser        : 0.9889
    Pullover       : 0.8858
    Dress          : 0.9085
    Coat           : 0.8715
    Sandal         : 0.9788
    Shirt          : 0.7746 *** HARD CLASS
    Sneaker        : 0.9598
    Bag            : 0.9848
    Ankle boot     : 0.9653
[LOG] Result appended to results/all_experiments.csv
[LOG] Curves saved to results/curves/ablation_initialization_default.json

[DONE]
============================================
End time:      Tue Apr 21 02:11:03 EDT 2026
Exit code:     0
============================================
