[1/1] Loading Miniforge...
  Python: /apps/software/standard/core/miniforge/24.11.3-py3.12/bin/python
  Version: Python 3.12.9
============================================
Job ID:        11980578
Node:          udc-an36-31
Partition:     gpu-a100-80
Start time:    Tue Apr 21 01:59:48 EDT 2026
--------------------------------------------
Python:        /apps/software/standard/core/miniforge/24.11.3-py3.12/bin/python
PyTorch:       2.9.0+cu130
CUDA avail:    True
GPU:           NVIDIA A100-SXM4-80GB
CUDA version:  13.0
============================================
============================================================
Experiment: ablation_batch_size_64
Model:      simple_cnn
Config:     /home/gvc8fr/ds6050/DS6050_G12_PROJECT/configs/ablation_batch_size_64.yaml
============================================================
[DEVICE] cuda
[DEVICE] GPU: NVIDIA A100-SXM4-80GB
[DATA] Train: 50000, Val: 10000, Test: 10000
[DATA] Train class counts: [4926 4973 5015 5055 5026 5001 4967 5048 5021 4968]
[DATA] Val class counts:   [1074 1027  985  945  974  999 1033  952  979 1032]
[DATA] Trivial baseline (random): 10.0%
[MODEL] Parameters: 207,018
[MODEL] FLOPs: 1,293,312
  Epoch   1/50 | Train Loss: 1.0539  Acc: 0.7168 | Val Loss: 0.4716  Acc: 0.8356
  Epoch   2/50 | Train Loss: 0.5324  Acc: 0.8052 | Val Loss: 0.4065  Acc: 0.8575
  Epoch   3/50 | Train Loss: 0.4650  Acc: 0.8300 | Val Loss: 0.3780  Acc: 0.8694
  Epoch   4/50 | Train Loss: 0.4078  Acc: 0.8492 | Val Loss: 0.3336  Acc: 0.8800
  Epoch   5/50 | Train Loss: 0.3769  Acc: 0.8606 | Val Loss: 0.3219  Acc: 0.8808
  Epoch   6/50 | Train Loss: 0.3502  Acc: 0.8716 | Val Loss: 0.3017  Acc: 0.8949
  Epoch   7/50 | Train Loss: 0.3329  Acc: 0.8778 | Val Loss: 0.3014  Acc: 0.8947
  Epoch   8/50 | Train Loss: 0.3130  Acc: 0.8831 | Val Loss: 0.2897  Acc: 0.8968
  Epoch   9/50 | Train Loss: 0.2990  Acc: 0.8885 | Val Loss: 0.2787  Acc: 0.9017
  Epoch  10/50 | Train Loss: 0.2870  Acc: 0.8925 | Val Loss: 0.2656  Acc: 0.9043
  Epoch  11/50 | Train Loss: 0.2684  Acc: 0.9002 | Val Loss: 0.2564  Acc: 0.9056
  Epoch  12/50 | Train Loss: 0.2606  Acc: 0.9027 | Val Loss: 0.2571  Acc: 0.9081
  Epoch  13/50 | Train Loss: 0.2523  Acc: 0.9061 | Val Loss: 0.2525  Acc: 0.9127
  Epoch  14/50 | Train Loss: 0.2397  Acc: 0.9097 | Val Loss: 0.2503  Acc: 0.9146
  Epoch  15/50 | Train Loss: 0.2332  Acc: 0.9122 | Val Loss: 0.2665  Acc: 0.9104
  Epoch  16/50 | Train Loss: 0.2236  Acc: 0.9152 | Val Loss: 0.2360  Acc: 0.9142
  Epoch  17/50 | Train Loss: 0.2157  Acc: 0.9188 | Val Loss: 0.2492  Acc: 0.9142
  Epoch  18/50 | Train Loss: 0.2108  Acc: 0.9204 | Val Loss: 0.2393  Acc: 0.9164
  Epoch  19/50 | Train Loss: 0.2010  Acc: 0.9239 | Val Loss: 0.2443  Acc: 0.9166
  Epoch  20/50 | Train Loss: 0.1965  Acc: 0.9259 | Val Loss: 0.2587  Acc: 0.9127
  Epoch  21/50 | Train Loss: 0.1912  Acc: 0.9280 | Val Loss: 0.2394  Acc: 0.9180
  [EARLY STOP] No improvement for 5 epochs.

============================================================
RESULTS SUMMARY
============================================================
  Accuracy:      0.9180
  F1 (macro):    0.9183
  Train time:    106.8s
  Epochs run:    21
  GPU memory:    45.7 MB

  Per-class F1:
    T-shirt/top    : 0.8677
    Trouser        : 0.9892
    Pullover       : 0.8770
    Dress          : 0.9065
    Coat           : 0.8786
    Sandal         : 0.9754
    Shirt          : 0.7802 *** HARD CLASS
    Sneaker        : 0.9569
    Bag            : 0.9867
    Ankle boot     : 0.9648
[LOG] Result appended to results/all_experiments.csv
[LOG] Curves saved to results/curves/ablation_batch_size_64.json

[DONE]
============================================
End time:      Tue Apr 21 02:01:51 EDT 2026
Exit code:     0
============================================
