[1/1] Loading Miniforge...
  Python: /apps/software/standard/core/miniforge/24.11.3-py3.12/bin/python
  Version: Python 3.12.9
============================================
Job ID:        11115374
Node:          udc-an34-31
Partition:     gpu-a100-80
Start time:    Fri Apr  3 23:02:23 EDT 2026
--------------------------------------------
Python:        /apps/software/standard/core/miniforge/24.11.3-py3.12/bin/python
PyTorch:       2.9.0+cu130
CUDA avail:    True
GPU:           NVIDIA A100-SXM4-80GB
CUDA version:  13.0
============================================
============================================================
Experiment: ablation_dropout_04
Model:      simple_cnn
Config:     /home/gvc8fr/ds6050/DS6050_G12_PROJECT/configs/ablation_dropout_04.yaml
============================================================
[DEVICE] cuda
[DEVICE] GPU: NVIDIA A100-SXM4-80GB
[DATA] Train: 50000, Val: 10000, Test: 10000
[DATA] Train class counts: [4926 4973 5015 5055 5026 5001 4967 5048 5021 4968]
[DATA] Val class counts:   [1074 1027  985  945  974  999 1033  952  979 1032]
[DATA] Trivial baseline (random): 10.0%
[MODEL] Parameters: 207,018
[MODEL] FLOPs: 1,293,312
  Epoch   1/50 | Train Loss: 1.4655  Acc: 0.6619 | Val Loss: 0.5528  Acc: 0.8041
  Epoch   2/50 | Train Loss: 0.6311  Acc: 0.7715 | Val Loss: 0.4567  Acc: 0.8359
  Epoch   3/50 | Train Loss: 0.5369  Acc: 0.8056 | Val Loss: 0.4285  Acc: 0.8473
  Epoch   4/50 | Train Loss: 0.4832  Acc: 0.8230 | Val Loss: 0.3754  Acc: 0.8626
  Epoch   5/50 | Train Loss: 0.4379  Acc: 0.8388 | Val Loss: 0.3590  Acc: 0.8682
  Epoch   6/50 | Train Loss: 0.4159  Acc: 0.8457 | Val Loss: 0.3398  Acc: 0.8763
  Epoch   7/50 | Train Loss: 0.3944  Acc: 0.8548 | Val Loss: 0.3388  Acc: 0.8815
  Epoch   8/50 | Train Loss: 0.3767  Acc: 0.8608 | Val Loss: 0.3291  Acc: 0.8844
  Epoch   9/50 | Train Loss: 0.3597  Acc: 0.8666 | Val Loss: 0.3109  Acc: 0.8878
  Epoch  10/50 | Train Loss: 0.3474  Acc: 0.8702 | Val Loss: 0.3069  Acc: 0.8956
  Epoch  11/50 | Train Loss: 0.3335  Acc: 0.8761 | Val Loss: 0.2914  Acc: 0.8986
  Epoch  12/50 | Train Loss: 0.3238  Acc: 0.8799 | Val Loss: 0.2848  Acc: 0.9004
  Epoch  13/50 | Train Loss: 0.3110  Acc: 0.8829 | Val Loss: 0.2916  Acc: 0.8981
  Epoch  14/50 | Train Loss: 0.3030  Acc: 0.8854 | Val Loss: 0.2759  Acc: 0.9016
  Epoch  15/50 | Train Loss: 0.2917  Acc: 0.8922 | Val Loss: 0.2764  Acc: 0.9046
  Epoch  16/50 | Train Loss: 0.2865  Acc: 0.8930 | Val Loss: 0.2720  Acc: 0.9017
  Epoch  17/50 | Train Loss: 0.2738  Acc: 0.8974 | Val Loss: 0.2649  Acc: 0.9053
  Epoch  18/50 | Train Loss: 0.2694  Acc: 0.8993 | Val Loss: 0.2652  Acc: 0.9076
  Epoch  19/50 | Train Loss: 0.2644  Acc: 0.9002 | Val Loss: 0.2619  Acc: 0.9060
  Epoch  20/50 | Train Loss: 0.2540  Acc: 0.9046 | Val Loss: 0.2570  Acc: 0.9094
  Epoch  21/50 | Train Loss: 0.2507  Acc: 0.9047 | Val Loss: 0.2566  Acc: 0.9098
  Epoch  22/50 | Train Loss: 0.2450  Acc: 0.9077 | Val Loss: 0.2485  Acc: 0.9127
  Epoch  23/50 | Train Loss: 0.2398  Acc: 0.9091 | Val Loss: 0.2420  Acc: 0.9135
  Epoch  24/50 | Train Loss: 0.2377  Acc: 0.9112 | Val Loss: 0.2465  Acc: 0.9149
  Epoch  25/50 | Train Loss: 0.2271  Acc: 0.9148 | Val Loss: 0.2462  Acc: 0.9150
  Epoch  26/50 | Train Loss: 0.2227  Acc: 0.9160 | Val Loss: 0.2438  Acc: 0.9153
  Epoch  27/50 | Train Loss: 0.2190  Acc: 0.9175 | Val Loss: 0.2490  Acc: 0.9168
  Epoch  28/50 | Train Loss: 0.2151  Acc: 0.9187 | Val Loss: 0.2495  Acc: 0.9171
  [EARLY STOP] No improvement for 5 epochs.

============================================================
RESULTS SUMMARY
============================================================
  Accuracy:      0.9171
  F1 (macro):    0.9175
  Train time:    91.6s
  Epochs run:    28
  GPU memory:    50.1 MB

  Per-class F1:
    T-shirt/top    : 0.8700
    Trouser        : 0.9878
    Pullover       : 0.8839
    Dress          : 0.9088
    Coat           : 0.8770
    Sandal         : 0.9764
    Shirt          : 0.7608 *** HARD CLASS
    Sneaker        : 0.9606
    Bag            : 0.9825
    Ankle boot     : 0.9674
[LOG] Result appended to results/all_experiments.csv
[LOG] Curves saved to results/curves/ablation_dropout_04.json

[DONE]
============================================
End time:      Fri Apr  3 23:04:12 EDT 2026
Exit code:     0
============================================
