============================================
Job ID:        11115400
Node:          udc-ba05-27c1
CPUs:          8
Config:        /home/gvc8fr/ds6050/DS6050_G12_PROJECT/configs/dataeff_xgboost_1k.yaml
Start time:    Fri Apr  3 22:41:04 EDT 2026
============================================
============================================================
Experiment: dataeff_xgboost_1k
Model:      xgboost
Config:     /home/gvc8fr/ds6050/DS6050_G12_PROJECT/configs/dataeff_xgboost_1k.yaml
============================================================
[DEVICE] cpu
[DATA] Train: 1000, Val: 10000, Test: 10000
[DATA] Train class counts: [109  99  95  98 112 102 113  96  83  93]
[DATA] Val class counts:   [ 952  974 1065  973 1031 1061  983  997  971  993]
[DATA] Trivial baseline (random): 10.0%
  XGBoost params: {'max_depth': 6, 'n_estimators': 100, 'learning_rate': 0.1, 'objective': 'multi:softmax', 'num_class': 10, 'n_jobs': -1, 'random_state': 42}

============================================================
RESULTS SUMMARY
============================================================
  Accuracy:      0.8079
  F1 (macro):    0.8085
  Train time:    7.7s
  Epochs run:    100
  GPU memory:    0.0 MB

  Per-class F1:
    T-shirt/top    : 0.7658 *** HARD CLASS
    Trouser        : 0.9563
    Pullover       : 0.6966 *** HARD CLASS
    Dress          : 0.8242 *** HARD CLASS
    Coat           : 0.7136 *** HARD CLASS
    Sandal         : 0.8962
    Shirt          : 0.5412 *** HARD CLASS
    Sneaker        : 0.8720
    Bag            : 0.9183
    Ankle boot     : 0.9009
[LOG] Result appended to results/all_experiments.csv

[DONE]
============================================
End time:      Fri Apr  3 22:41:29 EDT 2026
Exit code:     0
============================================
