============================================
Job ID:        11115402
Node:          udc-ba05-26c1
CPUs:          8
Config:        /home/gvc8fr/ds6050/DS6050_G12_PROJECT/configs/dataeff_xgboost_5k.yaml
Start time:    Fri Apr  3 22:41:01 EDT 2026
============================================
============================================================
Experiment: dataeff_xgboost_5k
Model:      xgboost
Config:     /home/gvc8fr/ds6050/DS6050_G12_PROJECT/configs/dataeff_xgboost_5k.yaml
============================================================
[DEVICE] cpu
[DATA] Train: 5000, Val: 10000, Test: 10000
[DATA] Train class counts: [508 493 546 465 505 514 506 495 480 488]
[DATA] Val class counts:   [ 938  988  988 1025 1052 1031 1004 1019  967  988]
[DATA] Trivial baseline (random): 10.0%
  XGBoost params: {'max_depth': 6, 'n_estimators': 100, 'learning_rate': 0.1, 'objective': 'multi:softmax', 'num_class': 10, 'n_jobs': -1, 'random_state': 42}

============================================================
RESULTS SUMMARY
============================================================
  Accuracy:      0.8591
  F1 (macro):    0.8584
  Train time:    15.0s
  Epochs run:    100
  GPU memory:    0.0 MB

  Per-class F1:
    T-shirt/top    : 0.8108 *** HARD CLASS
    Trouser        : 0.9789
    Pullover       : 0.7659 *** HARD CLASS
    Dress          : 0.8854
    Coat           : 0.7720 *** HARD CLASS
    Sandal         : 0.9403
    Shirt          : 0.6323 *** HARD CLASS
    Sneaker        : 0.9151
    Bag            : 0.9497
    Ankle boot     : 0.9339
[LOG] Result appended to results/all_experiments.csv

[DONE]
============================================
End time:      Fri Apr  3 22:41:35 EDT 2026
Exit code:     0
============================================
