[1/1] Loading Miniforge...
  Python: /apps/software/standard/core/miniforge/24.11.3-py3.12/bin/python
  Version: Python 3.12.9
============================================
Job ID:        11115386
Node:          udc-an36-7
Partition:     gpu-a100-80
Start time:    Fri Apr  3 23:11:08 EDT 2026
--------------------------------------------
Python:        /apps/software/standard/core/miniforge/24.11.3-py3.12/bin/python
PyTorch:       2.9.0+cu130
CUDA avail:    True
GPU:           NVIDIA A100-SXM4-80GB
CUDA version:  13.0
============================================
============================================================
Experiment: ablation_optimizer_sgd
Model:      simple_cnn
Config:     /home/gvc8fr/ds6050/DS6050_G12_PROJECT/configs/ablation_optimizer_sgd.yaml
============================================================
[DEVICE] cuda
[DEVICE] GPU: NVIDIA A100-SXM4-80GB
[DATA] Train: 50000, Val: 10000, Test: 10000
[DATA] Train class counts: [4926 4973 5015 5055 5026 5001 4967 5048 5021 4968]
[DATA] Val class counts:   [1074 1027  985  945  974  999 1033  952  979 1032]
[DATA] Trivial baseline (random): 10.0%
[MODEL] Parameters: 207,018
[MODEL] FLOPs: 1,293,312
  Epoch   1/50 | Train Loss: 3.7149  Acc: 0.5242 | Val Loss: 1.0394  Acc: 0.6939
  Epoch   2/50 | Train Loss: 1.2223  Acc: 0.6313 | Val Loss: 0.8063  Acc: 0.7301
  Epoch   3/50 | Train Loss: 1.0072  Acc: 0.6703 | Val Loss: 0.7334  Acc: 0.7477
  Epoch   4/50 | Train Loss: 0.9145  Acc: 0.6918 | Val Loss: 0.6850  Acc: 0.7628
  Epoch   5/50 | Train Loss: 0.8685  Acc: 0.7060 | Val Loss: 0.6523  Acc: 0.7735
  Epoch   6/50 | Train Loss: 0.8224  Acc: 0.7199 | Val Loss: 0.6300  Acc: 0.7804
  Epoch   7/50 | Train Loss: 0.7827  Acc: 0.7304 | Val Loss: 0.6111  Acc: 0.7839
  Epoch   8/50 | Train Loss: 0.7634  Acc: 0.7364 | Val Loss: 0.5925  Acc: 0.7899
  Epoch   9/50 | Train Loss: 0.7406  Acc: 0.7415 | Val Loss: 0.5792  Acc: 0.7962
  Epoch  10/50 | Train Loss: 0.7210  Acc: 0.7495 | Val Loss: 0.5686  Acc: 0.7975
  Epoch  11/50 | Train Loss: 0.7062  Acc: 0.7520 | Val Loss: 0.5570  Acc: 0.8018
  Epoch  12/50 | Train Loss: 0.6909  Acc: 0.7587 | Val Loss: 0.5493  Acc: 0.8036
  Epoch  13/50 | Train Loss: 0.6794  Acc: 0.7627 | Val Loss: 0.5400  Acc: 0.8062
  Epoch  14/50 | Train Loss: 0.6628  Acc: 0.7693 | Val Loss: 0.5310  Acc: 0.8104
  Epoch  15/50 | Train Loss: 0.6515  Acc: 0.7694 | Val Loss: 0.5228  Acc: 0.8114
  Epoch  16/50 | Train Loss: 0.6465  Acc: 0.7753 | Val Loss: 0.5201  Acc: 0.8110
  Epoch  17/50 | Train Loss: 0.6338  Acc: 0.7773 | Val Loss: 0.5120  Acc: 0.8149
  Epoch  18/50 | Train Loss: 0.6257  Acc: 0.7799 | Val Loss: 0.5083  Acc: 0.8162
  Epoch  19/50 | Train Loss: 0.6162  Acc: 0.7836 | Val Loss: 0.5037  Acc: 0.8190
  Epoch  20/50 | Train Loss: 0.6151  Acc: 0.7853 | Val Loss: 0.4978  Acc: 0.8207
  Epoch  21/50 | Train Loss: 0.6044  Acc: 0.7882 | Val Loss: 0.4919  Acc: 0.8229
  Epoch  22/50 | Train Loss: 0.5968  Acc: 0.7903 | Val Loss: 0.4881  Acc: 0.8228
  Epoch  23/50 | Train Loss: 0.5889  Acc: 0.7925 | Val Loss: 0.4842  Acc: 0.8241
  Epoch  24/50 | Train Loss: 0.5860  Acc: 0.7931 | Val Loss: 0.4814  Acc: 0.8276
  Epoch  25/50 | Train Loss: 0.5784  Acc: 0.7979 | Val Loss: 0.4772  Acc: 0.8271
  Epoch  26/50 | Train Loss: 0.5739  Acc: 0.7971 | Val Loss: 0.4759  Acc: 0.8281
  Epoch  27/50 | Train Loss: 0.5718  Acc: 0.7980 | Val Loss: 0.4720  Acc: 0.8300
  Epoch  28/50 | Train Loss: 0.5677  Acc: 0.8015 | Val Loss: 0.4676  Acc: 0.8313
  Epoch  29/50 | Train Loss: 0.5574  Acc: 0.8039 | Val Loss: 0.4655  Acc: 0.8310
  Epoch  30/50 | Train Loss: 0.5550  Acc: 0.8049 | Val Loss: 0.4612  Acc: 0.8323
  Epoch  31/50 | Train Loss: 0.5530  Acc: 0.8038 | Val Loss: 0.4621  Acc: 0.8328
  Epoch  32/50 | Train Loss: 0.5475  Acc: 0.8050 | Val Loss: 0.4591  Acc: 0.8347
  Epoch  33/50 | Train Loss: 0.5434  Acc: 0.8084 | Val Loss: 0.4547  Acc: 0.8355
  Epoch  34/50 | Train Loss: 0.5410  Acc: 0.8103 | Val Loss: 0.4530  Acc: 0.8367
  Epoch  35/50 | Train Loss: 0.5376  Acc: 0.8084 | Val Loss: 0.4505  Acc: 0.8364
  Epoch  36/50 | Train Loss: 0.5325  Acc: 0.8120 | Val Loss: 0.4490  Acc: 0.8376
  Epoch  37/50 | Train Loss: 0.5299  Acc: 0.8123 | Val Loss: 0.4469  Acc: 0.8380
  Epoch  38/50 | Train Loss: 0.5266  Acc: 0.8133 | Val Loss: 0.4443  Acc: 0.8376
  Epoch  39/50 | Train Loss: 0.5223  Acc: 0.8140 | Val Loss: 0.4409  Acc: 0.8395
  Epoch  40/50 | Train Loss: 0.5183  Acc: 0.8160 | Val Loss: 0.4405  Acc: 0.8398
  Epoch  41/50 | Train Loss: 0.5144  Acc: 0.8169 | Val Loss: 0.4369  Acc: 0.8409
  Epoch  42/50 | Train Loss: 0.5115  Acc: 0.8195 | Val Loss: 0.4374  Acc: 0.8407
  Epoch  43/50 | Train Loss: 0.5090  Acc: 0.8199 | Val Loss: 0.4338  Acc: 0.8417
  Epoch  44/50 | Train Loss: 0.5081  Acc: 0.8197 | Val Loss: 0.4326  Acc: 0.8433
  Epoch  45/50 | Train Loss: 0.5047  Acc: 0.8215 | Val Loss: 0.4323  Acc: 0.8429
  Epoch  46/50 | Train Loss: 0.4979  Acc: 0.8226 | Val Loss: 0.4280  Acc: 0.8440
  Epoch  47/50 | Train Loss: 0.4988  Acc: 0.8233 | Val Loss: 0.4268  Acc: 0.8457
  Epoch  48/50 | Train Loss: 0.4932  Acc: 0.8238 | Val Loss: 0.4254  Acc: 0.8461
  Epoch  49/50 | Train Loss: 0.4936  Acc: 0.8234 | Val Loss: 0.4223  Acc: 0.8477
  Epoch  50/50 | Train Loss: 0.4904  Acc: 0.8259 | Val Loss: 0.4219  Acc: 0.8483

============================================================
RESULTS SUMMARY
============================================================
  Accuracy:      0.8483
  F1 (macro):    0.8467
  Train time:    184.6s
  Epochs run:    50
  GPU memory:    48.5 MB

  Per-class F1:
    T-shirt/top    : 0.8067 *** HARD CLASS
    Trouser        : 0.9740
    Pullover       : 0.7569 *** HARD CLASS
    Dress          : 0.8589
    Coat           : 0.7744 *** HARD CLASS
    Sandal         : 0.9277
    Shirt          : 0.5819 *** HARD CLASS
    Sneaker        : 0.9007
    Bag            : 0.9506
    Ankle boot     : 0.9351
[LOG] Result appended to results/all_experiments.csv
[LOG] Curves saved to results/curves/ablation_optimizer_sgd.json

[DONE]
============================================
End time:      Fri Apr  3 23:14:30 EDT 2026
Exit code:     0
============================================
