[1/1] Loading Miniforge...
  Python: /apps/software/standard/core/miniforge/24.11.3-py3.12/bin/python
  Version: Python 3.12.9
============================================
Job ID:        11115373
Node:          udc-ba03-38
Partition:     gpu-a40
Start time:    Fri Apr  3 23:02:22 EDT 2026
--------------------------------------------
Python:        /apps/software/standard/core/miniforge/24.11.3-py3.12/bin/python
PyTorch:       2.9.0+cu130
CUDA avail:    True
GPU:           NVIDIA A40
CUDA version:  13.0
============================================
============================================================
Experiment: ablation_dropout_025
Model:      simple_cnn
Config:     /home/gvc8fr/ds6050/DS6050_G12_PROJECT/configs/ablation_dropout_025.yaml
============================================================
[DEVICE] cuda
[DEVICE] GPU: NVIDIA A40
[DATA] Train: 50000, Val: 10000, Test: 10000
[DATA] Train class counts: [4926 4973 5015 5055 5026 5001 4967 5048 5021 4968]
[DATA] Val class counts:   [1074 1027  985  945  974  999 1033  952  979 1032]
[DATA] Trivial baseline (random): 10.0%
[MODEL] Parameters: 207,018
[MODEL] FLOPs: 1,293,312
  Epoch   1/50 | Train Loss: 1.2750  Acc: 0.7109 | Val Loss: 0.5157  Acc: 0.8174
  Epoch   2/50 | Train Loss: 0.5307  Acc: 0.8092 | Val Loss: 0.4266  Acc: 0.8497
  Epoch   3/50 | Train Loss: 0.4547  Acc: 0.8337 | Val Loss: 0.3897  Acc: 0.8630
  Epoch   4/50 | Train Loss: 0.4126  Acc: 0.8465 | Val Loss: 0.3667  Acc: 0.8695
  Epoch   5/50 | Train Loss: 0.3808  Acc: 0.8584 | Val Loss: 0.3472  Acc: 0.8751
  Epoch   6/50 | Train Loss: 0.3597  Acc: 0.8685 | Val Loss: 0.3415  Acc: 0.8776
  Epoch   7/50 | Train Loss: 0.3368  Acc: 0.8738 | Val Loss: 0.3182  Acc: 0.8899
  Epoch   8/50 | Train Loss: 0.3261  Acc: 0.8782 | Val Loss: 0.3197  Acc: 0.8877
  Epoch   9/50 | Train Loss: 0.3074  Acc: 0.8860 | Val Loss: 0.2952  Acc: 0.8934
  Epoch  10/50 | Train Loss: 0.2966  Acc: 0.8895 | Val Loss: 0.2934  Acc: 0.9010
  Epoch  11/50 | Train Loss: 0.2838  Acc: 0.8948 | Val Loss: 0.2787  Acc: 0.9067
  Epoch  12/50 | Train Loss: 0.2713  Acc: 0.8974 | Val Loss: 0.2778  Acc: 0.9050
  Epoch  13/50 | Train Loss: 0.2626  Acc: 0.9017 | Val Loss: 0.2860  Acc: 0.9008
  Epoch  14/50 | Train Loss: 0.2535  Acc: 0.9050 | Val Loss: 0.2601  Acc: 0.9072
  Epoch  15/50 | Train Loss: 0.2440  Acc: 0.9077 | Val Loss: 0.2679  Acc: 0.9094
  Epoch  16/50 | Train Loss: 0.2402  Acc: 0.9094 | Val Loss: 0.2608  Acc: 0.9101
  Epoch  17/50 | Train Loss: 0.2297  Acc: 0.9135 | Val Loss: 0.2513  Acc: 0.9109
  Epoch  18/50 | Train Loss: 0.2248  Acc: 0.9153 | Val Loss: 0.2535  Acc: 0.9120
  Epoch  19/50 | Train Loss: 0.2167  Acc: 0.9183 | Val Loss: 0.2643  Acc: 0.9089
  Epoch  20/50 | Train Loss: 0.2082  Acc: 0.9204 | Val Loss: 0.2655  Acc: 0.9112
  Epoch  21/50 | Train Loss: 0.2045  Acc: 0.9214 | Val Loss: 0.2522  Acc: 0.9143
  Epoch  22/50 | Train Loss: 0.1973  Acc: 0.9249 | Val Loss: 0.2526  Acc: 0.9109
  [EARLY STOP] No improvement for 5 epochs.

============================================================
RESULTS SUMMARY
============================================================
  Accuracy:      0.9109
  F1 (macro):    0.9104
  Train time:    53.2s
  Epochs run:    22
  GPU memory:    50.1 MB

  Per-class F1:
    T-shirt/top    : 0.8618
    Trouser        : 0.9897
    Pullover       : 0.8675
    Dress          : 0.9081
    Coat           : 0.8640
    Sandal         : 0.9691
    Shirt          : 0.7515 *** HARD CLASS
    Sneaker        : 0.9513
    Bag            : 0.9801
    Ankle boot     : 0.9605
[LOG] Result appended to results/all_experiments.csv
[LOG] Curves saved to results/curves/ablation_dropout_025.json

[DONE]
============================================
End time:      Fri Apr  3 23:03:28 EDT 2026
Exit code:     0
============================================
