[1/1] Loading Miniforge...
  Python: /apps/software/standard/core/miniforge/24.11.3-py3.12/bin/python
  Version: Python 3.12.9
============================================
Job ID:        11980582
Node:          udc-an37-7
Partition:     gpu-a100-80
Start time:    Tue Apr 21 02:09:46 EDT 2026
--------------------------------------------
Python:        /apps/software/standard/core/miniforge/24.11.3-py3.12/bin/python
PyTorch:       2.9.0+cu130
CUDA avail:    True
GPU:           NVIDIA A100-SXM4-80GB
CUDA version:  13.0
============================================
============================================================
Experiment: ablation_dropout_05
Model:      simple_cnn
Config:     /home/gvc8fr/ds6050/DS6050_G12_PROJECT/configs/ablation_dropout_05.yaml
============================================================
[DEVICE] cuda
[DEVICE] GPU: NVIDIA A100-SXM4-80GB
[DATA] Train: 50000, Val: 10000, Test: 10000
[DATA] Train class counts: [4926 4973 5015 5055 5026 5001 4967 5048 5021 4968]
[DATA] Val class counts:   [1074 1027  985  945  974  999 1033  952  979 1032]
[DATA] Trivial baseline (random): 10.0%
[MODEL] Parameters: 207,018
[MODEL] FLOPs: 1,293,312
  Epoch   1/50 | Train Loss: 1.6454  Acc: 0.5993 | Val Loss: 0.6136  Acc: 0.7749
  Epoch   2/50 | Train Loss: 0.7575  Acc: 0.7185 | Val Loss: 0.5201  Acc: 0.8186
  Epoch   3/50 | Train Loss: 0.6482  Acc: 0.7569 | Val Loss: 0.4559  Acc: 0.8403
  Epoch   4/50 | Train Loss: 0.5718  Acc: 0.7869 | Val Loss: 0.4197  Acc: 0.8513
  Epoch   5/50 | Train Loss: 0.5324  Acc: 0.7997 | Val Loss: 0.3961  Acc: 0.8587
  Epoch   6/50 | Train Loss: 0.5089  Acc: 0.8103 | Val Loss: 0.3737  Acc: 0.8649
  Epoch   7/50 | Train Loss: 0.4759  Acc: 0.8220 | Val Loss: 0.3625  Acc: 0.8744
  Epoch   8/50 | Train Loss: 0.4555  Acc: 0.8298 | Val Loss: 0.3365  Acc: 0.8819
  Epoch   9/50 | Train Loss: 0.4317  Acc: 0.8390 | Val Loss: 0.3327  Acc: 0.8808
  Epoch  10/50 | Train Loss: 0.4186  Acc: 0.8444 | Val Loss: 0.3225  Acc: 0.8897
  Epoch  11/50 | Train Loss: 0.4040  Acc: 0.8490 | Val Loss: 0.3072  Acc: 0.8883
  Epoch  12/50 | Train Loss: 0.3900  Acc: 0.8540 | Val Loss: 0.2990  Acc: 0.8936
  Epoch  13/50 | Train Loss: 0.3745  Acc: 0.8601 | Val Loss: 0.3007  Acc: 0.8928
  Epoch  14/50 | Train Loss: 0.3596  Acc: 0.8649 | Val Loss: 0.2893  Acc: 0.8956
  Epoch  15/50 | Train Loss: 0.3537  Acc: 0.8682 | Val Loss: 0.2905  Acc: 0.9000
  Epoch  16/50 | Train Loss: 0.3441  Acc: 0.8725 | Val Loss: 0.2851  Acc: 0.8950
  Epoch  17/50 | Train Loss: 0.3328  Acc: 0.8760 | Val Loss: 0.2828  Acc: 0.8977
  Epoch  18/50 | Train Loss: 0.3303  Acc: 0.8780 | Val Loss: 0.2717  Acc: 0.9005
  Epoch  19/50 | Train Loss: 0.3176  Acc: 0.8813 | Val Loss: 0.2741  Acc: 0.9041
  Epoch  20/50 | Train Loss: 0.3064  Acc: 0.8832 | Val Loss: 0.2641  Acc: 0.9031
  Epoch  21/50 | Train Loss: 0.3015  Acc: 0.8869 | Val Loss: 0.2607  Acc: 0.9071
  Epoch  22/50 | Train Loss: 0.2947  Acc: 0.8894 | Val Loss: 0.2570  Acc: 0.9104
  Epoch  23/50 | Train Loss: 0.2875  Acc: 0.8939 | Val Loss: 0.2578  Acc: 0.9069
  Epoch  24/50 | Train Loss: 0.2870  Acc: 0.8931 | Val Loss: 0.2561  Acc: 0.9072
  Epoch  25/50 | Train Loss: 0.2761  Acc: 0.8959 | Val Loss: 0.2488  Acc: 0.9087
  Epoch  26/50 | Train Loss: 0.2716  Acc: 0.8981 | Val Loss: 0.2523  Acc: 0.9129
  Epoch  27/50 | Train Loss: 0.2667  Acc: 0.9004 | Val Loss: 0.2544  Acc: 0.9140
  Epoch  28/50 | Train Loss: 0.2592  Acc: 0.9031 | Val Loss: 0.2556  Acc: 0.9135
  Epoch  29/50 | Train Loss: 0.2557  Acc: 0.9038 | Val Loss: 0.2607  Acc: 0.9136
  Epoch  30/50 | Train Loss: 0.2502  Acc: 0.9064 | Val Loss: 0.2507  Acc: 0.9108
  [EARLY STOP] No improvement for 5 epochs.

============================================================
RESULTS SUMMARY
============================================================
  Accuracy:      0.9108
  F1 (macro):    0.9118
  Train time:    110.2s
  Epochs run:    30
  GPU memory:    50.1 MB

  Per-class F1:
    T-shirt/top    : 0.8537
    Trouser        : 0.9863
    Pullover       : 0.8706
    Dress          : 0.9028
    Coat           : 0.8641
    Sandal         : 0.9772
    Shirt          : 0.7598 *** HARD CLASS
    Sneaker        : 0.9546
    Bag            : 0.9836
    Ankle boot     : 0.9655
[LOG] Result appended to results/all_experiments.csv
[LOG] Curves saved to results/curves/ablation_dropout_05.json

[DONE]
============================================
End time:      Tue Apr 21 02:11:56 EDT 2026
Exit code:     0
============================================
