[1/1] Loading Miniforge...
  Python: /apps/software/standard/core/miniforge/24.11.3-py3.12/bin/python
  Version: Python 3.12.9
============================================
Job ID:        11980606
Node:          udc-an36-19
Partition:     gpu-a100-80
Start time:    Tue Apr 21 06:57:37 EDT 2026
--------------------------------------------
Python:        /apps/software/standard/core/miniforge/24.11.3-py3.12/bin/python
PyTorch:       2.9.0+cu130
CUDA avail:    True
GPU:           NVIDIA A100-SXM4-80GB
CUDA version:  13.0
============================================
============================================================
Experiment: dataeff_xgboost_10k
Model:      xgboost
Config:     /home/gvc8fr/ds6050/DS6050_G12_PROJECT/configs/dataeff_xgboost_10k.yaml
============================================================
[DEVICE] cuda
[DEVICE] GPU: NVIDIA A100-SXM4-80GB
[DATA] Train: 10000, Val: 10000, Test: 10000
[DATA] Train class counts: [ 980  979 1061  974 1046 1055  984  993  957  971]
[DATA] Val class counts:   [ 984 1024  978 1004  990  975 1031 1034  976 1004]
[DATA] Trivial baseline (random): 10.0%
  XGBoost params: {'max_depth': 6, 'n_estimators': 100, 'learning_rate': 0.1, 'objective': 'multi:softmax', 'num_class': 10, 'n_jobs': -1, 'random_state': 42, 'tree_method': 'hist', 'device': 'cuda'}

============================================================
RESULTS SUMMARY
============================================================
  Accuracy:      0.8742
  F1 (macro):    0.8732
  Train time:    3.0s
  Epochs run:    100
  GPU memory:    0.0 MB

  Per-class F1:
    T-shirt/top    : 0.8170 *** HARD CLASS
    Trouser        : 0.9827
    Pullover       : 0.7938 *** HARD CLASS
    Dress          : 0.8958
    Coat           : 0.7953 *** HARD CLASS
    Sandal         : 0.9607
    Shirt          : 0.6536 *** HARD CLASS
    Sneaker        : 0.9289
    Bag            : 0.9582
    Ankle boot     : 0.9461
[LOG] Result appended to results/all_experiments.csv

[DONE]
============================================
End time:      Tue Apr 21 06:57:58 EDT 2026
Exit code:     0
============================================
