[1/1] Loading Miniforge...
  Python: /apps/software/standard/core/miniforge/24.11.3-py3.12/bin/python
  Version: Python 3.12.9
============================================
Job ID:        11115366
Node:          udc-ba03-38
Partition:     gpu-a40
Start time:    Fri Apr  3 22:49:45 EDT 2026
--------------------------------------------
Python:        /apps/software/standard/core/miniforge/24.11.3-py3.12/bin/python
PyTorch:       2.9.0+cu130
CUDA avail:    True
GPU:           NVIDIA A40
CUDA version:  13.0
============================================
============================================================
Experiment: ablation_augmentation_hflip
Model:      simple_cnn
Config:     /home/gvc8fr/ds6050/DS6050_G12_PROJECT/configs/ablation_augmentation_hflip.yaml
============================================================
[DEVICE] cuda
[DEVICE] GPU: NVIDIA A40
[DATA] Train: 50000, Val: 10000, Test: 10000
[DATA] Train class counts: [4926 4973 5015 5055 5026 5001 4967 5048 5021 4968]
[DATA] Val class counts:   [1074 1027  985  945  974  999 1033  952  979 1032]
[DATA] Trivial baseline (random): 10.0%
[MODEL] Parameters: 207,018
[MODEL] FLOPs: 1,293,312
  Epoch   1/50 | Train Loss: 1.4366  Acc: 0.6733 | Val Loss: 0.5504  Acc: 0.8002
  Epoch   2/50 | Train Loss: 0.6235  Acc: 0.7756 | Val Loss: 0.4776  Acc: 0.8239
  Epoch   3/50 | Train Loss: 0.5384  Acc: 0.8064 | Val Loss: 0.4253  Acc: 0.8478
  Epoch   4/50 | Train Loss: 0.4894  Acc: 0.8225 | Val Loss: 0.3984  Acc: 0.8537
  Epoch   5/50 | Train Loss: 0.4480  Acc: 0.8374 | Val Loss: 0.3695  Acc: 0.8654
  Epoch   6/50 | Train Loss: 0.4208  Acc: 0.8469 | Val Loss: 0.3521  Acc: 0.8700
  Epoch   7/50 | Train Loss: 0.3982  Acc: 0.8556 | Val Loss: 0.3336  Acc: 0.8821
  Epoch   8/50 | Train Loss: 0.3875  Acc: 0.8582 | Val Loss: 0.3323  Acc: 0.8774
  Epoch   9/50 | Train Loss: 0.3703  Acc: 0.8638 | Val Loss: 0.3202  Acc: 0.8817
  Epoch  10/50 | Train Loss: 0.3556  Acc: 0.8669 | Val Loss: 0.3026  Acc: 0.8883
  Epoch  11/50 | Train Loss: 0.3453  Acc: 0.8727 | Val Loss: 0.2965  Acc: 0.8924
  Epoch  12/50 | Train Loss: 0.3322  Acc: 0.8774 | Val Loss: 0.2896  Acc: 0.8944
  Epoch  13/50 | Train Loss: 0.3218  Acc: 0.8820 | Val Loss: 0.2949  Acc: 0.8923
  Epoch  14/50 | Train Loss: 0.3134  Acc: 0.8843 | Val Loss: 0.2806  Acc: 0.8968
  Epoch  15/50 | Train Loss: 0.3042  Acc: 0.8878 | Val Loss: 0.2751  Acc: 0.8998
  Epoch  16/50 | Train Loss: 0.2967  Acc: 0.8902 | Val Loss: 0.2619  Acc: 0.9022
  Epoch  17/50 | Train Loss: 0.2891  Acc: 0.8937 | Val Loss: 0.2553  Acc: 0.9070
  Epoch  18/50 | Train Loss: 0.2799  Acc: 0.8970 | Val Loss: 0.2589  Acc: 0.9036
  Epoch  19/50 | Train Loss: 0.2756  Acc: 0.8971 | Val Loss: 0.2582  Acc: 0.9058
  Epoch  20/50 | Train Loss: 0.2680  Acc: 0.9004 | Val Loss: 0.2611  Acc: 0.9063
  Epoch  21/50 | Train Loss: 0.2625  Acc: 0.9025 | Val Loss: 0.2541  Acc: 0.9094
  Epoch  22/50 | Train Loss: 0.2558  Acc: 0.9034 | Val Loss: 0.2465  Acc: 0.9085
  Epoch  23/50 | Train Loss: 0.2504  Acc: 0.9064 | Val Loss: 0.2405  Acc: 0.9113
  Epoch  24/50 | Train Loss: 0.2460  Acc: 0.9083 | Val Loss: 0.2391  Acc: 0.9104
  Epoch  25/50 | Train Loss: 0.2420  Acc: 0.9098 | Val Loss: 0.2452  Acc: 0.9093
  Epoch  26/50 | Train Loss: 0.2375  Acc: 0.9122 | Val Loss: 0.2448  Acc: 0.9092
  Epoch  27/50 | Train Loss: 0.2333  Acc: 0.9127 | Val Loss: 0.2416  Acc: 0.9109
  Epoch  28/50 | Train Loss: 0.2289  Acc: 0.9154 | Val Loss: 0.2303  Acc: 0.9161
  Epoch  29/50 | Train Loss: 0.2228  Acc: 0.9166 | Val Loss: 0.2305  Acc: 0.9139
  Epoch  30/50 | Train Loss: 0.2204  Acc: 0.9176 | Val Loss: 0.2309  Acc: 0.9157
  Epoch  31/50 | Train Loss: 0.2159  Acc: 0.9195 | Val Loss: 0.2396  Acc: 0.9155
  Epoch  32/50 | Train Loss: 0.2133  Acc: 0.9193 | Val Loss: 0.2299  Acc: 0.9182
  Epoch  33/50 | Train Loss: 0.2090  Acc: 0.9219 | Val Loss: 0.2302  Acc: 0.9201
  [EARLY STOP] No improvement for 5 epochs.

============================================================
RESULTS SUMMARY
============================================================
  Accuracy:      0.9201
  F1 (macro):    0.9204
  Train time:    88.1s
  Epochs run:    33
  GPU memory:    50.1 MB

  Per-class F1:
    T-shirt/top    : 0.8721
    Trouser        : 0.9868
    Pullover       : 0.8875
    Dress          : 0.9116
    Coat           : 0.8854
    Sandal         : 0.9698
    Shirt          : 0.7853 *** HARD CLASS
    Sneaker        : 0.9570
    Bag            : 0.9832
    Ankle boot     : 0.9653
[LOG] Result appended to results/all_experiments.csv
[LOG] Curves saved to results/curves/ablation_augmentation_hflip.json

[DONE]
============================================
End time:      Fri Apr  3 22:51:28 EDT 2026
Exit code:     0
============================================
