[1/1] Loading Miniforge...
  Python: /apps/software/standard/core/miniforge/24.11.3-py3.12/bin/python
  Version: Python 3.12.9
============================================
Job ID:        11980577
Node:          udc-an36-31
Partition:     gpu-a100-80
Start time:    Tue Apr 21 01:56:24 EDT 2026
--------------------------------------------
Python:        /apps/software/standard/core/miniforge/24.11.3-py3.12/bin/python
PyTorch:       2.9.0+cu130
CUDA avail:    True
GPU:           NVIDIA A100-SXM4-80GB
CUDA version:  13.0
============================================
============================================================
Experiment: ablation_batch_size_32
Model:      simple_cnn
Config:     /home/gvc8fr/ds6050/DS6050_G12_PROJECT/configs/ablation_batch_size_32.yaml
============================================================
[DEVICE] cuda
[DEVICE] GPU: NVIDIA A100-SXM4-80GB
[DATA] Train: 50000, Val: 10000, Test: 10000
[DATA] Train class counts: [4926 4973 5015 5055 5026 5001 4967 5048 5021 4968]
[DATA] Val class counts:   [1074 1027  985  945  974  999 1033  952  979 1032]
[DATA] Trivial baseline (random): 10.0%
[MODEL] Parameters: 207,018
[MODEL] FLOPs: 1,293,312
  Epoch   1/50 | Train Loss: 0.9474  Acc: 0.7287 | Val Loss: 0.4817  Acc: 0.8361
  Epoch   2/50 | Train Loss: 0.5045  Acc: 0.8157 | Val Loss: 0.4294  Acc: 0.8438
  Epoch   3/50 | Train Loss: 0.4326  Acc: 0.8430 | Val Loss: 0.3560  Acc: 0.8744
  Epoch   4/50 | Train Loss: 0.3843  Acc: 0.8610 | Val Loss: 0.3238  Acc: 0.8837
  Epoch   5/50 | Train Loss: 0.3534  Acc: 0.8704 | Val Loss: 0.3009  Acc: 0.8937
  Epoch   6/50 | Train Loss: 0.3267  Acc: 0.8817 | Val Loss: 0.2858  Acc: 0.8951
  Epoch   7/50 | Train Loss: 0.3074  Acc: 0.8877 | Val Loss: 0.2696  Acc: 0.9021
  Epoch   8/50 | Train Loss: 0.2920  Acc: 0.8920 | Val Loss: 0.2600  Acc: 0.9089
  Epoch   9/50 | Train Loss: 0.2791  Acc: 0.8986 | Val Loss: 0.2620  Acc: 0.9080
  Epoch  10/50 | Train Loss: 0.2653  Acc: 0.9013 | Val Loss: 0.2553  Acc: 0.9105
  Epoch  11/50 | Train Loss: 0.2511  Acc: 0.9064 | Val Loss: 0.2517  Acc: 0.9108
  Epoch  12/50 | Train Loss: 0.2430  Acc: 0.9097 | Val Loss: 0.2439  Acc: 0.9129
  Epoch  13/50 | Train Loss: 0.2327  Acc: 0.9127 | Val Loss: 0.2529  Acc: 0.9105
  Epoch  14/50 | Train Loss: 0.2198  Acc: 0.9172 | Val Loss: 0.2399  Acc: 0.9174
  Epoch  15/50 | Train Loss: 0.2092  Acc: 0.9222 | Val Loss: 0.2678  Acc: 0.9103
  Epoch  16/50 | Train Loss: 0.2059  Acc: 0.9238 | Val Loss: 0.2356  Acc: 0.9181
  Epoch  17/50 | Train Loss: 0.1995  Acc: 0.9250 | Val Loss: 0.2441  Acc: 0.9174
  Epoch  18/50 | Train Loss: 0.1916  Acc: 0.9280 | Val Loss: 0.2307  Acc: 0.9204
  Epoch  19/50 | Train Loss: 0.1831  Acc: 0.9300 | Val Loss: 0.2418  Acc: 0.9165
  Epoch  20/50 | Train Loss: 0.1781  Acc: 0.9320 | Val Loss: 0.2561  Acc: 0.9129
  Epoch  21/50 | Train Loss: 0.1714  Acc: 0.9358 | Val Loss: 0.2446  Acc: 0.9199
  Epoch  22/50 | Train Loss: 0.1678  Acc: 0.9368 | Val Loss: 0.2548  Acc: 0.9193
  Epoch  23/50 | Train Loss: 0.1621  Acc: 0.9385 | Val Loss: 0.2461  Acc: 0.9170
  [EARLY STOP] No improvement for 5 epochs.

============================================================
RESULTS SUMMARY
============================================================
  Accuracy:      0.9170
  F1 (macro):    0.9169
  Train time:    151.9s
  Epochs run:    23
  GPU memory:    45.7 MB

  Per-class F1:
    T-shirt/top    : 0.8711
    Trouser        : 0.9888
    Pullover       : 0.8763
    Dress          : 0.9043
    Coat           : 0.8751
    Sandal         : 0.9761
    Shirt          : 0.7676 *** HARD CLASS
    Sneaker        : 0.9579
    Bag            : 0.9816
    Ankle boot     : 0.9704
[LOG] Result appended to results/all_experiments.csv
[LOG] Curves saved to results/curves/ablation_batch_size_32.json

[DONE]
============================================
End time:      Tue Apr 21 01:59:20 EDT 2026
Exit code:     0
============================================
