[1/1] Loading Miniforge...
  Python: /apps/software/standard/core/miniforge/24.11.3-py3.12/bin/python
  Version: Python 3.12.9
============================================
Job ID:        11115394
Node:          udc-an36-7
Partition:     gpu-a100-80
Start time:    Fri Apr  3 23:15:14 EDT 2026
--------------------------------------------
Python:        /apps/software/standard/core/miniforge/24.11.3-py3.12/bin/python
PyTorch:       2.9.0+cu130
CUDA avail:    True
GPU:           NVIDIA A100-SXM4-80GB
CUDA version:  13.0
============================================
============================================================
Experiment: dataeff_mlp_5k
Model:      mlp
Config:     /home/gvc8fr/ds6050/DS6050_G12_PROJECT/configs/dataeff_mlp_5k.yaml
============================================================
[DEVICE] cuda
[DEVICE] GPU: NVIDIA A100-SXM4-80GB
[DATA] Train: 5000, Val: 10000, Test: 10000
[DATA] Train class counts: [508 493 546 465 505 514 506 495 480 488]
[DATA] Val class counts:   [ 938  988  988 1025 1052 1031 1004 1019  967  988]
[DATA] Trivial baseline (random): 10.0%
[MODEL] Parameters: 535,818
[MODEL] FLOPs: 535,040
  Epoch   1/50 | Train Loss: 5.0005  Acc: 0.5826 | Val Loss: 0.9467  Acc: 0.7437
  Epoch   2/50 | Train Loss: 1.5008  Acc: 0.6804 | Val Loss: 0.6740  Acc: 0.7899
  Epoch   3/50 | Train Loss: 1.0066  Acc: 0.7230 | Val Loss: 0.5854  Acc: 0.8102
  Epoch   4/50 | Train Loss: 0.9065  Acc: 0.7350 | Val Loss: 0.5728  Acc: 0.8050
  Epoch   5/50 | Train Loss: 0.7808  Acc: 0.7514 | Val Loss: 0.5364  Acc: 0.8170
  Epoch   6/50 | Train Loss: 0.6989  Acc: 0.7808 | Val Loss: 0.5297  Acc: 0.8160
  Epoch   7/50 | Train Loss: 0.6744  Acc: 0.7748 | Val Loss: 0.5001  Acc: 0.8304
  Epoch   8/50 | Train Loss: 0.6125  Acc: 0.7934 | Val Loss: 0.4893  Acc: 0.8315
  Epoch   9/50 | Train Loss: 0.5797  Acc: 0.7938 | Val Loss: 0.5019  Acc: 0.8312
  Epoch  10/50 | Train Loss: 0.5161  Acc: 0.8208 | Val Loss: 0.4817  Acc: 0.8310
  Epoch  11/50 | Train Loss: 0.5087  Acc: 0.8246 | Val Loss: 0.4628  Acc: 0.8359
  Epoch  12/50 | Train Loss: 0.4927  Acc: 0.8282 | Val Loss: 0.4682  Acc: 0.8396
  Epoch  13/50 | Train Loss: 0.5252  Acc: 0.8162 | Val Loss: 0.4770  Acc: 0.8384
  Epoch  14/50 | Train Loss: 0.4361  Acc: 0.8410 | Val Loss: 0.4640  Acc: 0.8445
  Epoch  15/50 | Train Loss: 0.4922  Acc: 0.8266 | Val Loss: 0.4749  Acc: 0.8409
  Epoch  16/50 | Train Loss: 0.4617  Acc: 0.8370 | Val Loss: 0.4940  Acc: 0.8261
  [EARLY STOP] No improvement for 5 epochs.

============================================================
RESULTS SUMMARY
============================================================
  Accuracy:      0.8261
  F1 (macro):    0.8267
  Train time:    17.5s
  Epochs run:    16
  GPU memory:    28.6 MB

  Per-class F1:
    T-shirt/top    : 0.7773 *** HARD CLASS
    Trouser        : 0.9455
    Pullover       : 0.7454 *** HARD CLASS
    Dress          : 0.8119 *** HARD CLASS
    Coat           : 0.7082 *** HARD CLASS
    Sandal         : 0.9147
    Shirt          : 0.5898 *** HARD CLASS
    Sneaker        : 0.9054
    Bag            : 0.9463
    Ankle boot     : 0.9229
[LOG] Result appended to results/all_experiments.csv
[LOG] Curves saved to results/curves/dataeff_mlp_5k.json

[DONE]
============================================
End time:      Fri Apr  3 23:15:48 EDT 2026
Exit code:     0
============================================
