[1/1] Loading Miniforge...
  Python: /apps/software/standard/core/miniforge/24.11.3-py3.12/bin/python
  Version: Python 3.12.9
============================================
Job ID:        11980592
Node:          udc-an36-31
Partition:     gpu-a100-80
Start time:    Tue Apr 21 02:26:03 EDT 2026
--------------------------------------------
Python:        /apps/software/standard/core/miniforge/24.11.3-py3.12/bin/python
PyTorch:       2.9.0+cu130
CUDA avail:    True
GPU:           NVIDIA A100-SXM4-80GB
CUDA version:  13.0
============================================
============================================================
Experiment: ablation_optimizer_sgd_momentum
Model:      simple_cnn
Config:     /home/gvc8fr/ds6050/DS6050_G12_PROJECT/configs/ablation_optimizer_sgd_momentum.yaml
============================================================
[DEVICE] cuda
[DEVICE] GPU: NVIDIA A100-SXM4-80GB
[DATA] Train: 50000, Val: 10000, Test: 10000
[DATA] Train class counts: [4926 4973 5015 5055 5026 5001 4967 5048 5021 4968]
[DATA] Val class counts:   [1074 1027  985  945  974  999 1033  952  979 1032]
[DATA] Trivial baseline (random): 10.0%
[MODEL] Parameters: 207,018
[MODEL] FLOPs: 1,293,312
  Epoch   1/50 | Train Loss: 1.5760  Acc: 0.6529 | Val Loss: 0.6160  Acc: 0.7749
  Epoch   2/50 | Train Loss: 0.7091  Acc: 0.7503 | Val Loss: 0.5434  Acc: 0.8030
  Epoch   3/50 | Train Loss: 0.6341  Acc: 0.7737 | Val Loss: 0.5157  Acc: 0.8116
  Epoch   4/50 | Train Loss: 0.5842  Acc: 0.7891 | Val Loss: 0.4755  Acc: 0.8265
  Epoch   5/50 | Train Loss: 0.5530  Acc: 0.8031 | Val Loss: 0.4580  Acc: 0.8346
  Epoch   6/50 | Train Loss: 0.5290  Acc: 0.8095 | Val Loss: 0.4459  Acc: 0.8394
  Epoch   7/50 | Train Loss: 0.5077  Acc: 0.8167 | Val Loss: 0.4314  Acc: 0.8412
  Epoch   8/50 | Train Loss: 0.4936  Acc: 0.8222 | Val Loss: 0.4197  Acc: 0.8480
  Epoch   9/50 | Train Loss: 0.4772  Acc: 0.8275 | Val Loss: 0.4100  Acc: 0.8516
  Epoch  10/50 | Train Loss: 0.4629  Acc: 0.8322 | Val Loss: 0.4013  Acc: 0.8540
  Epoch  11/50 | Train Loss: 0.4494  Acc: 0.8367 | Val Loss: 0.3902  Acc: 0.8586
  Epoch  12/50 | Train Loss: 0.4394  Acc: 0.8410 | Val Loss: 0.3876  Acc: 0.8602
  Epoch  13/50 | Train Loss: 0.4324  Acc: 0.8431 | Val Loss: 0.3816  Acc: 0.8604
  Epoch  14/50 | Train Loss: 0.4248  Acc: 0.8471 | Val Loss: 0.3772  Acc: 0.8632
  Epoch  15/50 | Train Loss: 0.4144  Acc: 0.8475 | Val Loss: 0.3710  Acc: 0.8648
  Epoch  16/50 | Train Loss: 0.4123  Acc: 0.8497 | Val Loss: 0.3657  Acc: 0.8677
  Epoch  17/50 | Train Loss: 0.4036  Acc: 0.8527 | Val Loss: 0.3632  Acc: 0.8692
  Epoch  18/50 | Train Loss: 0.3970  Acc: 0.8545 | Val Loss: 0.3625  Acc: 0.8683
  Epoch  19/50 | Train Loss: 0.3921  Acc: 0.8558 | Val Loss: 0.3543  Acc: 0.8723
  Epoch  20/50 | Train Loss: 0.3875  Acc: 0.8580 | Val Loss: 0.3540  Acc: 0.8726
  Epoch  21/50 | Train Loss: 0.3796  Acc: 0.8607 | Val Loss: 0.3494  Acc: 0.8737
  Epoch  22/50 | Train Loss: 0.3789  Acc: 0.8617 | Val Loss: 0.3492  Acc: 0.8756
  Epoch  23/50 | Train Loss: 0.3723  Acc: 0.8658 | Val Loss: 0.3460  Acc: 0.8748
  Epoch  24/50 | Train Loss: 0.3676  Acc: 0.8661 | Val Loss: 0.3416  Acc: 0.8771
  Epoch  25/50 | Train Loss: 0.3653  Acc: 0.8661 | Val Loss: 0.3351  Acc: 0.8781
  Epoch  26/50 | Train Loss: 0.3628  Acc: 0.8671 | Val Loss: 0.3377  Acc: 0.8763
  Epoch  27/50 | Train Loss: 0.3600  Acc: 0.8675 | Val Loss: 0.3354  Acc: 0.8778
  Epoch  28/50 | Train Loss: 0.3547  Acc: 0.8694 | Val Loss: 0.3285  Acc: 0.8807
  Epoch  29/50 | Train Loss: 0.3479  Acc: 0.8712 | Val Loss: 0.3310  Acc: 0.8800
  Epoch  30/50 | Train Loss: 0.3468  Acc: 0.8723 | Val Loss: 0.3276  Acc: 0.8807
  Epoch  31/50 | Train Loss: 0.3448  Acc: 0.8722 | Val Loss: 0.3227  Acc: 0.8814
  Epoch  32/50 | Train Loss: 0.3406  Acc: 0.8746 | Val Loss: 0.3242  Acc: 0.8819
  Epoch  33/50 | Train Loss: 0.3384  Acc: 0.8759 | Val Loss: 0.3241  Acc: 0.8814
  Epoch  34/50 | Train Loss: 0.3373  Acc: 0.8754 | Val Loss: 0.3186  Acc: 0.8826
  Epoch  35/50 | Train Loss: 0.3322  Acc: 0.8781 | Val Loss: 0.3220  Acc: 0.8852
  Epoch  36/50 | Train Loss: 0.3315  Acc: 0.8789 | Val Loss: 0.3180  Acc: 0.8817
  Epoch  37/50 | Train Loss: 0.3279  Acc: 0.8806 | Val Loss: 0.3172  Acc: 0.8866
  Epoch  38/50 | Train Loss: 0.3281  Acc: 0.8799 | Val Loss: 0.3135  Acc: 0.8878
  Epoch  39/50 | Train Loss: 0.3222  Acc: 0.8810 | Val Loss: 0.3110  Acc: 0.8861
  Epoch  40/50 | Train Loss: 0.3192  Acc: 0.8817 | Val Loss: 0.3117  Acc: 0.8874
  Epoch  41/50 | Train Loss: 0.3152  Acc: 0.8833 | Val Loss: 0.3098  Acc: 0.8886
  Epoch  42/50 | Train Loss: 0.3145  Acc: 0.8841 | Val Loss: 0.3091  Acc: 0.8879
  Epoch  43/50 | Train Loss: 0.3112  Acc: 0.8861 | Val Loss: 0.3090  Acc: 0.8890
  Epoch  44/50 | Train Loss: 0.3089  Acc: 0.8873 | Val Loss: 0.3090  Acc: 0.8869
  Epoch  45/50 | Train Loss: 0.3081  Acc: 0.8872 | Val Loss: 0.3053  Acc: 0.8900
  Epoch  46/50 | Train Loss: 0.3063  Acc: 0.8860 | Val Loss: 0.3044  Acc: 0.8899
  Epoch  47/50 | Train Loss: 0.3051  Acc: 0.8886 | Val Loss: 0.3036  Acc: 0.8901
  Epoch  48/50 | Train Loss: 0.3018  Acc: 0.8894 | Val Loss: 0.3012  Acc: 0.8914
  Epoch  49/50 | Train Loss: 0.2989  Acc: 0.8893 | Val Loss: 0.2958  Acc: 0.8928
  Epoch  50/50 | Train Loss: 0.2981  Acc: 0.8896 | Val Loss: 0.2962  Acc: 0.8915

============================================================
RESULTS SUMMARY
============================================================
  Accuracy:      0.8915
  F1 (macro):    0.8921
  Train time:    189.5s
  Epochs run:    50
  GPU memory:    49.3 MB

  Per-class F1:
    T-shirt/top    : 0.8337 *** HARD CLASS
    Trouser        : 0.9873
    Pullover       : 0.8477 *** HARD CLASS
    Dress          : 0.8955
    Coat           : 0.8421 *** HARD CLASS
    Sandal         : 0.9617
    Shirt          : 0.6914 *** HARD CLASS
    Sneaker        : 0.9403
    Bag            : 0.9723
    Ankle boot     : 0.9490
[LOG] Result appended to results/all_experiments.csv
[LOG] Curves saved to results/curves/ablation_optimizer_sgd_momentum.json

[DONE]
============================================
End time:      Tue Apr 21 02:29:30 EDT 2026
Exit code:     0
============================================
