[1/1] Loading Miniforge...
  Python: /apps/software/standard/core/miniforge/24.11.3-py3.12/bin/python
  Version: Python 3.12.9
============================================
Job ID:        11980589
Node:          udc-an36-31
Partition:     gpu-a100-80
Start time:    Tue Apr 21 02:18:33 EDT 2026
--------------------------------------------
Python:        /apps/software/standard/core/miniforge/24.11.3-py3.12/bin/python
PyTorch:       2.9.0+cu130
CUDA avail:    True
GPU:           NVIDIA A100-SXM4-80GB
CUDA version:  13.0
============================================
============================================================
Experiment: ablation_lr_01
Model:      simple_cnn
Config:     /home/gvc8fr/ds6050/DS6050_G12_PROJECT/configs/ablation_lr_01.yaml
============================================================
[DEVICE] cuda
[DEVICE] GPU: NVIDIA A100-SXM4-80GB
[DATA] Train: 50000, Val: 10000, Test: 10000
[DATA] Train class counts: [4926 4973 5015 5055 5026 5001 4967 5048 5021 4968]
[DATA] Val class counts:   [1074 1027  985  945  974  999 1033  952  979 1032]
[DATA] Trivial baseline (random): 10.0%
[MODEL] Parameters: 207,018
[MODEL] FLOPs: 1,293,312
  Epoch   1/50 | Train Loss: 4.6880  Acc: 0.5176 | Val Loss: 0.6627  Acc: 0.7547
  Epoch   2/50 | Train Loss: 0.7472  Acc: 0.7220 | Val Loss: 0.5608  Acc: 0.8017
  Epoch   3/50 | Train Loss: 0.6716  Acc: 0.7560 | Val Loss: 0.5240  Acc: 0.8130
  Epoch   4/50 | Train Loss: 0.6389  Acc: 0.7666 | Val Loss: 0.5205  Acc: 0.8151
  Epoch   5/50 | Train Loss: 0.6199  Acc: 0.7736 | Val Loss: 0.5123  Acc: 0.8187
  Epoch   6/50 | Train Loss: 0.6168  Acc: 0.7765 | Val Loss: 0.4932  Acc: 0.8128
  Epoch   7/50 | Train Loss: 0.6109  Acc: 0.7747 | Val Loss: 0.5011  Acc: 0.8185
  Epoch   8/50 | Train Loss: 0.6203  Acc: 0.7715 | Val Loss: 0.4713  Acc: 0.8307
  Epoch   9/50 | Train Loss: 0.6222  Acc: 0.7724 | Val Loss: 0.5048  Acc: 0.8205
  Epoch  10/50 | Train Loss: 0.6115  Acc: 0.7766 | Val Loss: 0.4892  Acc: 0.8209
  Epoch  11/50 | Train Loss: 0.6137  Acc: 0.7759 | Val Loss: 0.5302  Acc: 0.8049
  Epoch  12/50 | Train Loss: 0.6137  Acc: 0.7745 | Val Loss: 0.5909  Acc: 0.7924
  Epoch  13/50 | Train Loss: 0.9627  Acc: 0.6469 | Val Loss: 0.8550  Acc: 0.6595
  [EARLY STOP] No improvement for 5 epochs.

============================================================
RESULTS SUMMARY
============================================================
  Accuracy:      0.6595
  F1 (macro):    0.6716
  Train time:    50.4s
  Epochs run:    13
  GPU memory:    50.1 MB

  Per-class F1:
    T-shirt/top    : 0.4645 *** HARD CLASS
    Trouser        : 0.9606
    Pullover       : 0.4078 *** HARD CLASS
    Dress          : 0.7626 *** HARD CLASS
    Coat           : 0.4732 *** HARD CLASS
    Sandal         : 0.7783 *** HARD CLASS
    Shirt          : 0.4325 *** HARD CLASS
    Sneaker        : 0.7520 *** HARD CLASS
    Bag            : 0.8560
    Ankle boot     : 0.8283 *** HARD CLASS
[LOG] Result appended to results/all_experiments.csv
[LOG] Curves saved to results/curves/ablation_lr_01.json

[DONE]
============================================
End time:      Tue Apr 21 02:19:41 EDT 2026
Exit code:     0
============================================
